warning: unused import: `Mutex`
 --> aideen-backbone/src/gpu_deq.rs:9:22
  |
9 | use std::sync::{Arc, Mutex};
  |                      ^^^^^
  |
  = note: `#[warn(unused_imports)]` on by default

warning: unused variable: `hist_selective`
    --> aideen-backbone/src/gpu_deq.rs:4588:13
     |
4588 |         let hist_selective = self.cfg_hist_selective;
     |             ^^^^^^^^^^^^^^ help: if this is intentional, prefix it with an underscore: `_hist_selective`
     |
     = note: `#[warn(unused_variables)]` on by default

warning: fields `assoc_slot_stride_floats`, `cfg_hist_train_carrier`, `cfg_hist_train_alog`, and `cfg_hist_train_delta` are never read
   --> aideen-backbone/src/gpu_deq.rs:80:5
    |
69  | pub struct GpuDeqBackend {
    |            ------------- fields in this struct
...
80  |     assoc_slot_stride_floats: usize,
    |     ^^^^^^^^^^^^^^^^^^^^^^^^
...
193 |     cfg_hist_train_carrier: bool,
    |     ^^^^^^^^^^^^^^^^^^^^^^
...
196 |     cfg_hist_train_alog: bool,
    |     ^^^^^^^^^^^^^^^^^^^
197 |     cfg_hist_train_delta: bool,
    |     ^^^^^^^^^^^^^^^^^^^^
    |
    = note: `#[warn(dead_code)]` on by default

warning: `aideen-backbone` (lib) generated 3 warnings (run `cargo fix --lib -p aideen-backbone` to apply 1 suggestion)
warning: unused variable: `required_seq_cap`
   --> aideen-training-lab/src/bin/assoc_recall.rs:812:9
    |
812 |     let required_seq_cap = gaps
    |         ^^^^^^^^^^^^^^^^ help: if this is intentional, prefix it with an underscore: `_required_seq_cap`
    |
    = note: `#[warn(unused_variables)]` on by default

warning: `aideen-training` (bin "assoc_recall") generated 1 warning
    Finished `release` profile [optimized] target(s) in 0.42s
     Running `target/release/assoc_recall`
╔══════════════════════════════════════════════════════════════════════╗
║              AIDEEN  Associative Recall Benchmark                   ║
╚══════════════════════════════════════════════════════════════════════╝
  vocab=50  keys=16  vals=16
  ctx_len=128  mode=FPM+SlotAttn
  n_train=400  n_eval=100  gaps=[0, 64, 128, 256]  pairs_per_seq=4
  random_baseline = log(vocab=50) = 3.9120

  d_r=512  h_slots=4
  Initializing GPU (Metal shader compilation may take a few minutes)…
[GpuDeqBackend] Adapter: Apple M1 Pro
[GpuDeqBackend] SUBGROUP supported: fast paths may be enabled.
  GPU ready.

  Training (400 sequences, gaps=[0, 64, 128, 256])…
  train   20/400 | avg_loss=3.9019 | 17.0s | TPS=144.4
  [slot-audit] s0: r_ent=0.000e0 r_max=1.000 ctx_rms=1.000e0 r_usage=9.930e-1 w_allow=2.500e-1 w_gate=2.500e-1 cos_max=0.000 r_n=1 w_n=1
  [slot-audit] s1: r_ent=0.000e0 r_max=1.000 ctx_rms=1.000e0 r_usage=9.930e-1 w_allow=2.500e-1 w_gate=2.500e-1 cos_max=0.000 r_n=1 w_n=1
  [slot-audit] s2: r_ent=0.000e0 r_max=1.000 ctx_rms=1.000e0 r_usage=9.930e-1 w_allow=2.500e-1 w_gate=2.500e-1 cos_max=0.000 r_n=1 w_n=1
  [slot-audit] s3: r_ent=0.000e0 r_max=1.000 ctx_rms=1.000e0 r_usage=9.930e-1 w_allow=2.500e-1 w_gate=2.500e-1 cos_max=0.000 r_n=1 w_n=1
  train   40/400 | avg_loss=3.8828 | 32.4s | TPS=151.7
  [slot-audit] s0: r_ent=0.000e0 r_max=1.000 ctx_rms=1.000e0 r_usage=9.930e-1 w_allow=2.500e-1 w_gate=2.500e-1 cos_max=0.000 r_n=1 w_n=1
  [slot-audit] s1: r_ent=0.000e0 r_max=1.000 ctx_rms=1.000e0 r_usage=9.930e-1 w_allow=2.500e-1 w_gate=2.500e-1 cos_max=0.000 r_n=1 w_n=1
  [slot-audit] s2: r_ent=0.000e0 r_max=1.000 ctx_rms=1.000e0 r_usage=9.930e-1 w_allow=2.500e-1 w_gate=2.500e-1 cos_max=0.000 r_n=1 w_n=1
  [slot-audit] s3: r_ent=0.000e0 r_max=1.000 ctx_rms=1.000e0 r_usage=9.930e-1 w_allow=2.500e-1 w_gate=2.500e-1 cos_max=0.000 r_n=1 w_n=1
  train   60/400 | avg_loss=3.8478 | 48.0s | TPS=153.8
  [slot-audit] s0: r_ent=0.000e0 r_max=1.000 ctx_rms=1.000e0 r_usage=9.930e-1 w_allow=2.500e-1 w_gate=2.500e-1 cos_max=0.000 r_n=1 w_n=1
  [slot-audit] s1: r_ent=0.000e0 r_max=1.000 ctx_rms=1.000e0 r_usage=9.930e-1 w_allow=2.500e-1 w_gate=2.500e-1 cos_max=0.000 r_n=1 w_n=1
  [slot-audit] s2: r_ent=0.000e0 r_max=1.000 ctx_rms=1.000e0 r_usage=9.930e-1 w_allow=2.500e-1 w_gate=2.500e-1 cos_max=0.000 r_n=1 w_n=1
  [slot-audit] s3: r_ent=0.000e0 r_max=1.000 ctx_rms=1.000e0 r_usage=9.930e-1 w_allow=2.500e-1 w_gate=2.500e-1 cos_max=0.000 r_n=1 w_n=1
  train   80/400 | avg_loss=3.8329 | 63.9s | TPS=154.0
  [slot-audit] s0: r_ent=0.000e0 r_max=1.000 ctx_rms=1.000e0 r_usage=9.930e-1 w_allow=2.500e-1 w_gate=2.500e-1 cos_max=0.000 r_n=1 w_n=1
  [slot-audit] s1: r_ent=0.000e0 r_max=1.000 ctx_rms=1.000e0 r_usage=9.930e-1 w_allow=2.500e-1 w_gate=2.500e-1 cos_max=0.000 r_n=1 w_n=1
  [slot-audit] s2: r_ent=0.000e0 r_max=1.000 ctx_rms=1.000e0 r_usage=9.930e-1 w_allow=2.500e-1 w_gate=2.500e-1 cos_max=0.000 r_n=1 w_n=1
  [slot-audit] s3: r_ent=0.000e0 r_max=1.000 ctx_rms=1.000e0 r_usage=9.930e-1 w_allow=2.500e-1 w_gate=2.500e-1 cos_max=0.000 r_n=1 w_n=1
  train  100/400 | avg_loss=3.8233 | 80.2s | TPS=153.4
  [slot-audit] s0: r_ent=0.000e0 r_max=1.000 ctx_rms=1.000e0 r_usage=9.930e-1 w_allow=2.500e-1 w_gate=2.500e-1 cos_max=0.000 r_n=1 w_n=1
  [slot-audit] s1: r_ent=0.000e0 r_max=1.000 ctx_rms=1.000e0 r_usage=9.930e-1 w_allow=2.500e-1 w_gate=2.500e-1 cos_max=0.000 r_n=1 w_n=1
  [slot-audit] s2: r_ent=0.000e0 r_max=1.000 ctx_rms=1.000e0 r_usage=9.930e-1 w_allow=2.500e-1 w_gate=2.500e-1 cos_max=0.000 r_n=1 w_n=1
  [slot-audit] s3: r_ent=0.000e0 r_max=1.000 ctx_rms=1.000e0 r_usage=9.930e-1 w_allow=2.500e-1 w_gate=2.500e-1 cos_max=0.000 r_n=1 w_n=1
  train  120/400 | avg_loss=3.8116 | 96.1s | TPS=153.6
  [slot-audit] s0: r_ent=0.000e0 r_max=1.000 ctx_rms=1.000e0 r_usage=9.930e-1 w_allow=2.500e-1 w_gate=2.500e-1 cos_max=0.000 r_n=1 w_n=1
  [slot-audit] s1: r_ent=0.000e0 r_max=1.000 ctx_rms=1.000e0 r_usage=9.930e-1 w_allow=2.500e-1 w_gate=2.500e-1 cos_max=0.000 r_n=1 w_n=1
  [slot-audit] s2: r_ent=0.000e0 r_max=1.000 ctx_rms=1.000e0 r_usage=9.930e-1 w_allow=2.500e-1 w_gate=2.500e-1 cos_max=0.000 r_n=1 w_n=1
  [slot-audit] s3: r_ent=0.000e0 r_max=1.000 ctx_rms=1.000e0 r_usage=9.930e-1 w_allow=2.500e-1 w_gate=2.500e-1 cos_max=0.000 r_n=1 w_n=1
  train  140/400 | avg_loss=3.8030 | 111.9s | TPS=153.9
  [slot-audit] s0: r_ent=0.000e0 r_max=1.000 ctx_rms=1.000e0 r_usage=9.917e-1 w_allow=2.500e-1 w_gate=2.500e-1 cos_max=0.000 r_n=1 w_n=1
  [slot-audit] s1: r_ent=0.000e0 r_max=1.000 ctx_rms=1.000e0 r_usage=9.930e-1 w_allow=2.500e-1 w_gate=2.500e-1 cos_max=0.000 r_n=1 w_n=1
  [slot-audit] s2: r_ent=0.000e0 r_max=1.000 ctx_rms=1.000e0 r_usage=9.930e-1 w_allow=2.500e-1 w_gate=2.500e-1 cos_max=0.000 r_n=1 w_n=1
  [slot-audit] s3: r_ent=0.000e0 r_max=1.000 ctx_rms=1.000e0 r_usage=9.924e-1 w_allow=2.500e-1 w_gate=2.500e-1 cos_max=0.000 r_n=1 w_n=1
  train  160/400 | avg_loss=3.7896 | 127.8s | TPS=154.0
  [slot-audit] s0: r_ent=0.000e0 r_max=1.000 ctx_rms=1.000e0 r_usage=9.930e-1 w_allow=2.500e-1 w_gate=2.500e-1 cos_max=0.000 r_n=1 w_n=1
  [slot-audit] s1: r_ent=0.000e0 r_max=1.000 ctx_rms=1.000e0 r_usage=9.930e-1 w_allow=2.500e-1 w_gate=2.500e-1 cos_max=0.000 r_n=1 w_n=1
  [slot-audit] s2: r_ent=0.000e0 r_max=1.000 ctx_rms=1.000e0 r_usage=9.930e-1 w_allow=2.500e-1 w_gate=2.500e-1 cos_max=0.000 r_n=1 w_n=1
  [slot-audit] s3: r_ent=0.000e0 r_max=1.000 ctx_rms=1.000e0 r_usage=9.930e-1 w_allow=2.500e-1 w_gate=2.500e-1 cos_max=0.000 r_n=1 w_n=1
  train  180/400 | avg_loss=3.7732 | 143.1s | TPS=154.7
  [slot-audit] s0: r_ent=0.000e0 r_max=1.000 ctx_rms=1.000e0 r_usage=9.930e-1 w_allow=2.500e-1 w_gate=2.500e-1 cos_max=0.000 r_n=1 w_n=1
  [slot-audit] s1: r_ent=0.000e0 r_max=1.000 ctx_rms=1.000e0 r_usage=9.930e-1 w_allow=2.500e-1 w_gate=2.500e-1 cos_max=0.000 r_n=1 w_n=1
  [slot-audit] s2: r_ent=0.000e0 r_max=1.000 ctx_rms=1.000e0 r_usage=9.930e-1 w_allow=2.500e-1 w_gate=2.500e-1 cos_max=0.000 r_n=1 w_n=1
  [slot-audit] s3: r_ent=0.000e0 r_max=1.000 ctx_rms=1.000e0 r_usage=9.930e-1 w_allow=2.500e-1 w_gate=2.500e-1 cos_max=0.000 r_n=1 w_n=1
  train  200/400 | avg_loss=3.7602 | 159.1s | TPS=154.6
  [slot-audit] s0: r_ent=0.000e0 r_max=1.000 ctx_rms=1.000e0 r_usage=9.930e-1 w_allow=2.500e-1 w_gate=2.500e-1 cos_max=0.000 r_n=1 w_n=1
  [slot-audit] s1: r_ent=0.000e0 r_max=1.000 ctx_rms=1.000e0 r_usage=9.930e-1 w_allow=2.500e-1 w_gate=2.500e-1 cos_max=0.000 r_n=1 w_n=1
  [slot-audit] s2: r_ent=0.000e0 r_max=1.000 ctx_rms=1.000e0 r_usage=9.930e-1 w_allow=2.500e-1 w_gate=2.500e-1 cos_max=0.000 r_n=1 w_n=1
  [slot-audit] s3: r_ent=0.000e0 r_max=1.000 ctx_rms=1.000e0 r_usage=9.930e-1 w_allow=2.500e-1 w_gate=2.500e-1 cos_max=0.000 r_n=1 w_n=1
  train  220/400 | avg_loss=3.7443 | 175.0s | TPS=154.7
  [slot-audit] s0: r_ent=0.000e0 r_max=1.000 ctx_rms=1.000e0 r_usage=9.930e-1 w_allow=2.500e-1 w_gate=2.500e-1 cos_max=0.000 r_n=1 w_n=1
  [slot-audit] s1: r_ent=0.000e0 r_max=1.000 ctx_rms=1.000e0 r_usage=9.930e-1 w_allow=2.500e-1 w_gate=2.500e-1 cos_max=0.000 r_n=1 w_n=1
  [slot-audit] s2: r_ent=0.000e0 r_max=1.000 ctx_rms=1.000e0 r_usage=9.930e-1 w_allow=2.500e-1 w_gate=2.500e-1 cos_max=0.000 r_n=1 w_n=1
  [slot-audit] s3: r_ent=0.000e0 r_max=1.000 ctx_rms=1.000e0 r_usage=9.930e-1 w_allow=2.500e-1 w_gate=2.500e-1 cos_max=0.000 r_n=1 w_n=1
  train  240/400 | avg_loss=3.7306 | 190.4s | TPS=155.0
  [slot-audit] s0: r_ent=0.000e0 r_max=1.000 ctx_rms=1.000e0 r_usage=9.930e-1 w_allow=2.500e-1 w_gate=2.500e-1 cos_max=0.000 r_n=1 w_n=1
  [slot-audit] s1: r_ent=0.000e0 r_max=1.000 ctx_rms=1.000e0 r_usage=9.930e-1 w_allow=2.500e-1 w_gate=2.500e-1 cos_max=0.000 r_n=1 w_n=1
  [slot-audit] s2: r_ent=0.000e0 r_max=1.000 ctx_rms=1.000e0 r_usage=9.930e-1 w_allow=2.500e-1 w_gate=2.500e-1 cos_max=0.000 r_n=1 w_n=1
  [slot-audit] s3: r_ent=0.000e0 r_max=1.000 ctx_rms=1.000e0 r_usage=9.930e-1 w_allow=2.500e-1 w_gate=2.500e-1 cos_max=0.000 r_n=1 w_n=1
  train  260/400 | avg_loss=3.7199 | 206.4s | TPS=155.0
  [slot-audit] s0: r_ent=0.000e0 r_max=1.000 ctx_rms=1.000e0 r_usage=9.930e-1 w_allow=2.500e-1 w_gate=2.500e-1 cos_max=0.000 r_n=1 w_n=1
  [slot-audit] s1: r_ent=0.000e0 r_max=1.000 ctx_rms=1.000e0 r_usage=9.930e-1 w_allow=2.500e-1 w_gate=2.500e-1 cos_max=0.000 r_n=1 w_n=1
  [slot-audit] s2: r_ent=0.000e0 r_max=1.000 ctx_rms=1.000e0 r_usage=9.926e-1 w_allow=2.500e-1 w_gate=2.500e-1 cos_max=0.000 r_n=1 w_n=1
  [slot-audit] s3: r_ent=0.000e0 r_max=1.000 ctx_rms=1.000e0 r_usage=9.920e-1 w_allow=2.500e-1 w_gate=2.500e-1 cos_max=0.000 r_n=1 w_n=1
  train  280/400 | avg_loss=3.7148 | 222.1s | TPS=155.0
  [slot-audit] s0: r_ent=0.000e0 r_max=1.000 ctx_rms=1.000e0 r_usage=9.930e-1 w_allow=2.500e-1 w_gate=2.500e-1 cos_max=0.000 r_n=1 w_n=1
  [slot-audit] s1: r_ent=0.000e0 r_max=1.000 ctx_rms=1.000e0 r_usage=9.930e-1 w_allow=2.500e-1 w_gate=2.500e-1 cos_max=0.000 r_n=1 w_n=1
  [slot-audit] s2: r_ent=0.000e0 r_max=1.000 ctx_rms=1.000e0 r_usage=9.930e-1 w_allow=2.500e-1 w_gate=2.500e-1 cos_max=0.000 r_n=1 w_n=1
  [slot-audit] s3: r_ent=0.000e0 r_max=1.000 ctx_rms=1.000e0 r_usage=9.930e-1 w_allow=2.500e-1 w_gate=2.500e-1 cos_max=0.000 r_n=1 w_n=1
  train  300/400 | avg_loss=3.7034 | 238.5s | TPS=154.7
  [slot-audit] s0: r_ent=0.000e0 r_max=1.000 ctx_rms=1.000e0 r_usage=9.930e-1 w_allow=2.500e-1 w_gate=2.500e-1 cos_max=0.000 r_n=1 w_n=1
  [slot-audit] s1: r_ent=0.000e0 r_max=1.000 ctx_rms=1.000e0 r_usage=9.930e-1 w_allow=2.500e-1 w_gate=2.500e-1 cos_max=0.000 r_n=1 w_n=1
  [slot-audit] s2: r_ent=0.000e0 r_max=1.000 ctx_rms=1.000e0 r_usage=9.930e-1 w_allow=2.500e-1 w_gate=2.500e-1 cos_max=0.000 r_n=1 w_n=1
  [slot-audit] s3: r_ent=0.000e0 r_max=1.000 ctx_rms=1.000e0 r_usage=9.930e-1 w_allow=2.500e-1 w_gate=2.500e-1 cos_max=0.000 r_n=1 w_n=1
  train  320/400 | avg_loss=3.6910 | 253.8s | TPS=155.1
  [slot-audit] s0: r_ent=0.000e0 r_max=1.000 ctx_rms=1.000e0 r_usage=9.930e-1 w_allow=2.500e-1 w_gate=2.500e-1 cos_max=0.000 r_n=1 w_n=1
  [slot-audit] s1: r_ent=0.000e0 r_max=1.000 ctx_rms=1.000e0 r_usage=9.930e-1 w_allow=2.500e-1 w_gate=2.500e-1 cos_max=0.000 r_n=1 w_n=1
  [slot-audit] s2: r_ent=0.000e0 r_max=1.000 ctx_rms=1.000e0 r_usage=9.930e-1 w_allow=2.500e-1 w_gate=2.500e-1 cos_max=0.000 r_n=1 w_n=1
  [slot-audit] s3: r_ent=0.000e0 r_max=1.000 ctx_rms=1.000e0 r_usage=9.930e-1 w_allow=2.500e-1 w_gate=2.500e-1 cos_max=0.000 r_n=1 w_n=1
  train  340/400 | avg_loss=3.6854 | 269.3s | TPS=155.3
  [slot-audit] s0: r_ent=0.000e0 r_max=1.000 ctx_rms=1.000e0 r_usage=9.930e-1 w_allow=2.500e-1 w_gate=2.500e-1 cos_max=0.000 r_n=1 w_n=1
  [slot-audit] s1: r_ent=0.000e0 r_max=1.000 ctx_rms=1.000e0 r_usage=9.930e-1 w_allow=2.500e-1 w_gate=2.500e-1 cos_max=0.000 r_n=1 w_n=1
  [slot-audit] s2: r_ent=0.000e0 r_max=1.000 ctx_rms=1.000e0 r_usage=9.930e-1 w_allow=2.500e-1 w_gate=2.500e-1 cos_max=0.000 r_n=1 w_n=1
  [slot-audit] s3: r_ent=0.000e0 r_max=1.000 ctx_rms=1.000e0 r_usage=9.930e-1 w_allow=2.500e-1 w_gate=2.500e-1 cos_max=0.000 r_n=1 w_n=1
  train  360/400 | avg_loss=3.6753 | 284.8s | TPS=155.5
  [slot-audit] s0: r_ent=0.000e0 r_max=1.000 ctx_rms=1.000e0 r_usage=9.930e-1 w_allow=2.500e-1 w_gate=2.500e-1 cos_max=0.000 r_n=1 w_n=1
  [slot-audit] s1: r_ent=0.000e0 r_max=1.000 ctx_rms=1.000e0 r_usage=9.930e-1 w_allow=2.500e-1 w_gate=2.500e-1 cos_max=0.000 r_n=1 w_n=1
  [slot-audit] s2: r_ent=0.000e0 r_max=1.000 ctx_rms=1.000e0 r_usage=9.930e-1 w_allow=2.500e-1 w_gate=2.500e-1 cos_max=0.000 r_n=1 w_n=1
  [slot-audit] s3: r_ent=0.000e0 r_max=1.000 ctx_rms=1.000e0 r_usage=9.930e-1 w_allow=2.500e-1 w_gate=2.500e-1 cos_max=0.000 r_n=1 w_n=1
  train  380/400 | avg_loss=3.6663 | 300.9s | TPS=155.3
  [slot-audit] s0: r_ent=0.000e0 r_max=1.000 ctx_rms=1.000e0 r_usage=9.930e-1 w_allow=2.500e-1 w_gate=2.500e-1 cos_max=0.000 r_n=1 w_n=1
  [slot-audit] s1: r_ent=0.000e0 r_max=1.000 ctx_rms=1.000e0 r_usage=9.930e-1 w_allow=2.500e-1 w_gate=2.500e-1 cos_max=0.000 r_n=1 w_n=1
  [slot-audit] s2: r_ent=0.000e0 r_max=1.000 ctx_rms=1.000e0 r_usage=9.930e-1 w_allow=2.500e-1 w_gate=2.500e-1 cos_max=0.000 r_n=1 w_n=1
  [slot-audit] s3: r_ent=0.000e0 r_max=1.000 ctx_rms=1.000e0 r_usage=9.930e-1 w_allow=2.500e-1 w_gate=2.500e-1 cos_max=0.000 r_n=1 w_n=1
  train  400/400 | avg_loss=3.6587 | 316.9s | TPS=155.3
  [slot-audit] s0: r_ent=0.000e0 r_max=1.000 ctx_rms=1.000e0 r_usage=9.930e-1 w_allow=2.500e-1 w_gate=2.500e-1 cos_max=0.000 r_n=1 w_n=1
  [slot-audit] s1: r_ent=0.000e0 r_max=1.000 ctx_rms=1.000e0 r_usage=9.929e-1 w_allow=2.500e-1 w_gate=2.500e-1 cos_max=0.000 r_n=1 w_n=1
  [slot-audit] s2: r_ent=0.000e0 r_max=1.000 ctx_rms=1.000e0 r_usage=9.930e-1 w_allow=2.500e-1 w_gate=2.500e-1 cos_max=0.000 r_n=1 w_n=1
  [slot-audit] s3: r_ent=0.000e0 r_max=1.000 ctx_rms=1.000e0 r_usage=9.930e-1 w_allow=2.500e-1 w_gate=2.500e-1 cos_max=0.000 r_n=1 w_n=1
  Training done: avg_loss=3.6587  (316.9s total)

  Evaluation (eval_mode, no weight updates):
       gap   answer_loss   random_base  retention
  ────────────────────────────────────────────────────────
         0        3.5985        3.9120  92.0% ~ random
        64        3.2798        3.9120  83.8% ~ random
       128        3.6034        3.9120  92.1% ~ random
       256        3.5669        3.9120  91.2% ~ random

  Done.
