   Compiling aideen-block v0.1.0 (/Users/sergiosolis/Programacion/aideen/aideen-block)
   Compiling aideen-backbone v0.1.0 (/Users/sergiosolis/Programacion/aideen/aideen-backbone)
warning: unused import: `Mutex`
 --> aideen-backbone/src/gpu_deq.rs:9:22
  |
9 | use std::sync::{Arc, Mutex};
  |                      ^^^^^
  |
  = note: `#[warn(unused_imports)]` on by default

warning: unused variable: `hist_selective`
    --> aideen-backbone/src/gpu_deq.rs:4588:13
     |
4588 |         let hist_selective = self.cfg_hist_selective;
     |             ^^^^^^^^^^^^^^ help: if this is intentional, prefix it with an underscore: `_hist_selective`
     |
     = note: `#[warn(unused_variables)]` on by default

warning: fields `assoc_slot_stride_floats`, `cfg_hist_train_carrier`, `cfg_hist_train_alog`, and `cfg_hist_train_delta` are never read
   --> aideen-backbone/src/gpu_deq.rs:80:5
    |
69  | pub struct GpuDeqBackend {
    |            ------------- fields in this struct
...
80  |     assoc_slot_stride_floats: usize,
    |     ^^^^^^^^^^^^^^^^^^^^^^^^
...
193 |     cfg_hist_train_carrier: bool,
    |     ^^^^^^^^^^^^^^^^^^^^^^
...
196 |     cfg_hist_train_alog: bool,
    |     ^^^^^^^^^^^^^^^^^^^
197 |     cfg_hist_train_delta: bool,
    |     ^^^^^^^^^^^^^^^^^^^^
    |
    = note: `#[warn(dead_code)]` on by default

   Compiling aideen-training v0.1.0 (/Users/sergiosolis/Programacion/aideen/aideen-training-lab)
warning: `aideen-backbone` (lib) generated 3 warnings (run `cargo fix --lib -p aideen-backbone` to apply 1 suggestion)
warning: unused variable: `required_seq_cap`
   --> aideen-training-lab/src/bin/assoc_recall.rs:812:9
    |
812 |     let required_seq_cap = gaps
    |         ^^^^^^^^^^^^^^^^ help: if this is intentional, prefix it with an underscore: `_required_seq_cap`
    |
    = note: `#[warn(unused_variables)]` on by default

warning: `aideen-training` (bin "assoc_recall") generated 1 warning
    Finished `release` profile [optimized] target(s) in 9.68s
     Running `target/release/assoc_recall --audit`
╔══════════════════════════════════════════════════════════════════════╗
║              AIDEEN  Associative Recall Benchmark                   ║
╚══════════════════════════════════════════════════════════════════════╝
  vocab=50  keys=16  vals=16
  ctx_len=128  mode=FPM+SlotAttn
  n_train=600  n_eval=150  gaps=[0, 64, 128, 256]  pairs_per_seq=1
  random_baseline = log(vocab=50) = 3.9120

  d_r=512  h_slots=4
  Initializing GPU (Metal shader compilation may take a few minutes)…
[GpuDeqBackend] Adapter: Apple M1 Pro
[GpuDeqBackend] SUBGROUP supported: fast paths may be enabled.
  GPU ready.

  Training (600 sequences, gaps=[0, 64, 128, 256])…
  train   20/600 | avg_loss=3.8878 | 14.3s | TPS=163.1
  [slot-audit] s0: r_ent=0.000e0 r_max=1.000 ctx_rms=1.000e0 r_usage=7.744e-1 w_allow=3.007e-1 w_gate=2.978e-1 cos_max=0.857 r_n=4 w_n=4
  [slot-audit] s1: r_ent=0.000e0 r_max=1.000 ctx_rms=1.000e0 r_usage=7.744e-1 w_allow=2.774e-1 w_gate=2.543e-1 cos_max=0.995 r_n=4 w_n=4
  [slot-audit] s2: r_ent=0.000e0 r_max=1.000 ctx_rms=1.000e0 r_usage=8.717e-1 w_allow=5.654e-1 w_gate=3.666e-1 cos_max=1.000 r_n=4 w_n=4
  [slot-audit] s3: r_ent=0.000e0 r_max=1.000 ctx_rms=1.000e0 r_usage=1.460e4 w_allow=3.377e-1 w_gate=3.125e-1 cos_max=0.035 r_n=4 w_n=4
  train   40/600 | avg_loss=3.8685 | 29.1s | TPS=161.1
  [slot-audit] s0: r_ent=0.000e0 r_max=1.000 ctx_rms=1.236e0 r_usage=7.744e-1 w_allow=3.505e-1 w_gate=1.250e-1 cos_max=0.000 r_n=4 w_n=4
  [slot-audit] s1: r_ent=0.000e0 r_max=1.000 ctx_rms=1.000e0 r_usage=9.367e-1 w_allow=3.819e-1 w_gate=3.744e-1 cos_max=0.994 r_n=4 w_n=4
  [slot-audit] s2: r_ent=0.000e0 r_max=1.000 ctx_rms=1.000e0 r_usage=7.744e-1 w_allow=1.719e-1 w_gate=1.713e-1 cos_max=1.000 r_n=4 w_n=4
  [slot-audit] s3: r_ent=0.000e0 r_max=1.000 ctx_rms=1.000e0 r_usage=6.029e3 w_allow=1.415e-1 w_gate=1.250e-1 cos_max=0.000 r_n=4 w_n=4
  train   60/600 | avg_loss=3.8396 | 43.4s | TPS=161.6
  [slot-audit] s0: r_ent=0.000e0 r_max=1.000 ctx_rms=1.000e0 r_usage=7.744e-1 w_allow=1.505e-1 w_gate=1.505e-1 cos_max=0.999 r_n=4 w_n=4
  [slot-audit] s1: r_ent=0.000e0 r_max=1.000 ctx_rms=1.000e0 r_usage=7.989e-1 w_allow=5.929e-1 w_gate=3.430e-1 cos_max=0.995 r_n=4 w_n=4
  [slot-audit] s2: r_ent=0.000e0 r_max=1.000 ctx_rms=1.620e0 r_usage=8.126e-1 w_allow=2.315e-1 w_gate=2.315e-1 cos_max=0.795 r_n=4 w_n=4
  [slot-audit] s3: r_ent=0.000e0 r_max=1.000 ctx_rms=2.806e0 r_usage=1.667e4 w_allow=2.225e-1 w_gate=2.225e-1 cos_max=0.882 r_n=4 w_n=4
  train   80/600 | avg_loss=3.8054 | 57.6s | TPS=162.5
  [slot-audit] s0: r_ent=0.000e0 r_max=1.000 ctx_rms=1.000e0 r_usage=7.744e-1 w_allow=3.467e-1 w_gate=1.996e-1 cos_max=1.000 r_n=4 w_n=4
  [slot-audit] s1: r_ent=0.000e0 r_max=1.000 ctx_rms=1.241e0 r_usage=7.794e-1 w_allow=4.411e-1 w_gate=3.464e-1 cos_max=0.996 r_n=4 w_n=4
  [slot-audit] s2: r_ent=0.000e0 r_max=1.000 ctx_rms=1.000e0 r_usage=7.744e-1 w_allow=1.434e-1 w_gate=1.402e-1 cos_max=0.525 r_n=4 w_n=4
  [slot-audit] s3: r_ent=0.000e0 r_max=1.000 ctx_rms=1.000e0 r_usage=5.858e3 w_allow=1.361e-1 w_gate=1.311e-1 cos_max=0.121 r_n=4 w_n=4
  train  100/600 | avg_loss=3.7735 | 70.9s | TPS=165.1
  [slot-audit] s0: r_ent=0.000e0 r_max=1.000 ctx_rms=1.000e0 r_usage=7.744e-1 w_allow=2.721e-1 w_gate=1.250e-1 cos_max=0.000 r_n=4 w_n=4
  [slot-audit] s1: r_ent=0.000e0 r_max=1.000 ctx_rms=1.000e0 r_usage=9.382e-1 w_allow=4.695e-1 w_gate=3.748e-1 cos_max=0.969 r_n=4 w_n=4
  [slot-audit] s2: r_ent=0.000e0 r_max=1.000 ctx_rms=1.236e0 r_usage=7.744e-1 w_allow=1.748e-1 w_gate=1.716e-1 cos_max=1.000 r_n=4 w_n=4
  [slot-audit] s3: r_ent=0.000e0 r_max=1.000 ctx_rms=1.770e0 r_usage=1.652e4 w_allow=1.300e-1 w_gate=1.250e-1 cos_max=0.000 r_n=4 w_n=4
  train  120/600 | avg_loss=3.7363 | 83.7s | TPS=167.7
  [slot-audit] s0: r_ent=0.000e0 r_max=1.000 ctx_rms=1.000e0 r_usage=7.744e-1 w_allow=1.677e-1 w_gate=1.274e-1 cos_max=0.997 r_n=4 w_n=4
  [slot-audit] s1: r_ent=0.000e0 r_max=1.000 ctx_rms=1.000e0 r_usage=7.744e-1 w_allow=3.215e-1 w_gate=1.250e-1 cos_max=0.011 r_n=4 w_n=4
  [slot-audit] s2: r_ent=0.000e0 r_max=1.000 ctx_rms=1.000e0 r_usage=7.744e-1 w_allow=1.361e-1 w_gate=1.252e-1 cos_max=0.000 r_n=4 w_n=4
  [slot-audit] s3: r_ent=0.000e0 r_max=1.000 ctx_rms=7.847e0 r_usage=1.664e4 w_allow=1.479e-1 w_gate=1.456e-1 cos_max=0.999 r_n=4 w_n=4
  train  140/600 | avg_loss=3.6856 | 96.9s | TPS=169.0
  [slot-audit] s0: r_ent=0.000e0 r_max=1.000 ctx_rms=1.000e0 r_usage=7.744e-1 w_allow=2.142e-1 w_gate=2.142e-1 cos_max=1.000 r_n=4 w_n=4
  [slot-audit] s1: r_ent=0.000e0 r_max=1.000 ctx_rms=1.000e0 r_usage=8.590e-1 w_allow=6.127e-1 w_gate=3.628e-1 cos_max=0.994 r_n=4 w_n=4
  [slot-audit] s2: r_ent=0.000e0 r_max=1.000 ctx_rms=1.000e0 r_usage=7.744e-1 w_allow=1.663e-1 w_gate=1.662e-1 cos_max=1.000 r_n=4 w_n=4
  [slot-audit] s3: r_ent=0.000e0 r_max=1.000 ctx_rms=3.744e0 r_usage=5.862e3 w_allow=3.619e-1 w_gate=3.619e-1 cos_max=0.947 r_n=4 w_n=4
  train  160/600 | avg_loss=3.6498 | 109.9s | TPS=170.4
  [slot-audit] s0: r_ent=0.000e0 r_max=1.000 ctx_rms=1.000e0 r_usage=7.744e-1 w_allow=1.250e-1 w_gate=1.250e-1 cos_max=0.000 r_n=4 w_n=4
  [slot-audit] s1: r_ent=0.000e0 r_max=1.000 ctx_rms=1.000e0 r_usage=7.744e-1 w_allow=5.200e-1 w_gate=2.700e-1 cos_max=1.000 r_n=4 w_n=4
  [slot-audit] s2: r_ent=0.000e0 r_max=1.000 ctx_rms=1.000e0 r_usage=7.744e-1 w_allow=1.319e-1 w_gate=1.319e-1 cos_max=0.081 r_n=4 w_n=4
  [slot-audit] s3: r_ent=0.000e0 r_max=1.000 ctx_rms=1.000e0 r_usage=1.661e4 w_allow=1.250e-1 w_gate=1.250e-1 cos_max=0.000 r_n=4 w_n=4
  train  180/600 | avg_loss=3.5998 | 122.8s | TPS=171.5
  [slot-audit] s0: r_ent=0.000e0 r_max=1.000 ctx_rms=3.981e0 r_usage=8.452e-1 w_allow=4.367e-1 w_gate=1.895e-1 cos_max=0.733 r_n=4 w_n=4
  [slot-audit] s1: r_ent=0.000e0 r_max=1.000 ctx_rms=3.320e0 r_usage=7.744e-1 w_allow=3.407e-1 w_gate=3.400e-1 cos_max=0.756 r_n=4 w_n=4
  [slot-audit] s2: r_ent=0.000e0 r_max=1.000 ctx_rms=2.414e0 r_usage=7.744e-1 w_allow=1.250e-1 w_gate=1.250e-1 cos_max=0.000 r_n=4 w_n=4
  [slot-audit] s3: r_ent=0.000e0 r_max=1.000 ctx_rms=1.000e0 r_usage=6.144e3 w_allow=1.274e-1 w_gate=1.253e-1 cos_max=0.000 r_n=4 w_n=4
  train  200/600 | avg_loss=3.5535 | 135.8s | TPS=172.3
  [slot-audit] s0: r_ent=0.000e0 r_max=1.000 ctx_rms=2.182e0 r_usage=7.744e-1 w_allow=2.816e-1 w_gate=2.816e-1 cos_max=0.607 r_n=4 w_n=4
  [slot-audit] s1: r_ent=0.000e0 r_max=1.000 ctx_rms=1.000e0 r_usage=8.683e-1 w_allow=3.652e-1 w_gate=3.652e-1 cos_max=1.000 r_n=4 w_n=4
  [slot-audit] s2: r_ent=0.000e0 r_max=1.000 ctx_rms=1.000e0 r_usage=7.744e-1 w_allow=4.073e-1 w_gate=1.661e-1 cos_max=1.000 r_n=4 w_n=4
  [slot-audit] s3: r_ent=0.000e0 r_max=1.000 ctx_rms=3.744e0 r_usage=6.019e3 w_allow=6.092e-1 w_gate=3.619e-1 cos_max=0.831 r_n=4 w_n=4
  train  220/600 | avg_loss=3.5038 | 149.2s | TPS=172.5
  [slot-audit] s0: r_ent=0.000e0 r_max=1.000 ctx_rms=1.000e0 r_usage=7.744e-1 w_allow=1.997e-1 w_gate=1.594e-1 cos_max=0.999 r_n=4 w_n=4
  [slot-audit] s1: r_ent=0.000e0 r_max=1.000 ctx_rms=1.000e0 r_usage=7.744e-1 w_allow=3.508e-1 w_gate=1.544e-1 cos_max=0.995 r_n=4 w_n=4
  [slot-audit] s2: r_ent=0.000e0 r_max=1.000 ctx_rms=2.575e0 r_usage=7.744e-1 w_allow=3.299e-1 w_gate=3.190e-1 cos_max=0.713 r_n=4 w_n=4
  [slot-audit] s3: r_ent=0.000e0 r_max=1.000 ctx_rms=4.780e0 r_usage=6.112e3 w_allow=1.275e-1 w_gate=1.252e-1 cos_max=0.905 r_n=4 w_n=4
  train  240/600 | avg_loss=3.4621 | 161.9s | TPS=173.4
  [slot-audit] s0: r_ent=0.000e0 r_max=1.000 ctx_rms=1.000e0 r_usage=7.744e-1 w_allow=2.721e-1 w_gate=1.250e-1 cos_max=0.000 r_n=4 w_n=4
  [slot-audit] s1: r_ent=0.000e0 r_max=1.000 ctx_rms=1.000e0 r_usage=7.744e-1 w_allow=2.210e-1 w_gate=1.263e-1 cos_max=0.011 r_n=4 w_n=4
  [slot-audit] s2: r_ent=0.000e0 r_max=1.000 ctx_rms=1.000e0 r_usage=9.380e-1 w_allow=3.779e-1 w_gate=3.747e-1 cos_max=1.000 r_n=4 w_n=4
  [slot-audit] s3: r_ent=0.000e0 r_max=1.000 ctx_rms=6.046e0 r_usage=1.623e4 w_allow=1.300e-1 w_gate=1.250e-1 cos_max=0.000 r_n=4 w_n=4
  train  260/600 | avg_loss=3.3913 | 174.8s | TPS=174.0
  [slot-audit] s0: r_ent=0.000e0 r_max=1.000 ctx_rms=1.213e0 r_usage=7.744e-1 w_allow=5.834e-1 w_gate=3.362e-1 cos_max=1.000 r_n=4 w_n=4
  [slot-audit] s1: r_ent=0.000e0 r_max=1.000 ctx_rms=1.000e0 r_usage=7.744e-1 w_allow=1.976e-1 w_gate=1.970e-1 cos_max=1.000 r_n=4 w_n=4
  [slot-audit] s2: r_ent=0.000e0 r_max=1.000 ctx_rms=1.000e0 r_usage=7.744e-1 w_allow=1.503e-1 w_gate=1.503e-1 cos_max=1.000 r_n=4 w_n=4
  [slot-audit] s3: r_ent=0.000e0 r_max=1.000 ctx_rms=1.000e0 r_usage=6.238e3 w_allow=1.816e-1 w_gate=1.795e-1 cos_max=1.000 r_n=4 w_n=4
  train  280/600 | avg_loss=3.3478 | 187.8s | TPS=174.5
  [slot-audit] s0: r_ent=0.000e0 r_max=1.000 ctx_rms=1.000e0 r_usage=7.744e-1 w_allow=4.359e-1 w_gate=2.105e-1 cos_max=0.748 r_n=4 w_n=4
  [slot-audit] s1: r_ent=0.000e0 r_max=1.000 ctx_rms=1.000e0 r_usage=8.508e-1 w_allow=3.703e-1 w_gate=3.628e-1 cos_max=1.000 r_n=4 w_n=4
  [slot-audit] s2: r_ent=0.000e0 r_max=1.000 ctx_rms=1.000e0 r_usage=7.744e-1 w_allow=1.672e-1 w_gate=1.667e-1 cos_max=1.000 r_n=4 w_n=4
  [slot-audit] s3: r_ent=0.000e0 r_max=1.000 ctx_rms=3.744e0 r_usage=6.239e3 w_allow=3.784e-1 w_gate=3.619e-1 cos_max=1.000 r_n=4 w_n=4
  train  300/600 | avg_loss=3.2993 | 201.0s | TPS=174.6
  [slot-audit] s0: r_ent=0.000e0 r_max=1.000 ctx_rms=1.258e0 r_usage=7.744e-1 w_allow=3.505e-1 w_gate=1.250e-1 cos_max=0.000 r_n=4 w_n=4
  [slot-audit] s1: r_ent=0.000e0 r_max=1.000 ctx_rms=1.000e0 r_usage=9.400e-1 w_allow=3.825e-1 w_gate=3.750e-1 cos_max=1.000 r_n=4 w_n=4
  [slot-audit] s2: r_ent=0.000e0 r_max=1.000 ctx_rms=1.000e0 r_usage=7.744e-1 w_allow=1.324e-1 w_gate=1.318e-1 cos_max=0.083 r_n=4 w_n=4
  [slot-audit] s3: r_ent=0.000e0 r_max=1.000 ctx_rms=1.437e0 r_usage=6.174e3 w_allow=1.415e-1 w_gate=1.250e-1 cos_max=0.000 r_n=4 w_n=4
  train  320/600 | avg_loss=3.2551 | 213.7s | TPS=175.2
  [slot-audit] s0: r_ent=0.000e0 r_max=1.000 ctx_rms=1.000e0 r_usage=7.744e-1 w_allow=2.126e-1 w_gate=2.105e-1 cos_max=1.000 r_n=4 w_n=4
  [slot-audit] s1: r_ent=0.000e0 r_max=1.000 ctx_rms=1.000e0 r_usage=8.683e-1 w_allow=3.664e-1 w_gate=3.652e-1 cos_max=1.000 r_n=4 w_n=4
  [slot-audit] s2: r_ent=0.000e0 r_max=1.000 ctx_rms=1.000e0 r_usage=7.744e-1 w_allow=2.536e-1 w_gate=1.667e-1 cos_max=1.000 r_n=4 w_n=4
  [slot-audit] s3: r_ent=0.000e0 r_max=1.000 ctx_rms=3.744e0 r_usage=5.861e3 w_allow=5.220e-1 w_gate=3.621e-1 cos_max=1.000 r_n=4 w_n=4
  train  340/600 | avg_loss=3.2189 | 226.3s | TPS=175.8
  [slot-audit] s0: r_ent=0.000e0 r_max=1.000 ctx_rms=1.000e0 r_usage=7.744e-1 w_allow=1.851e-1 w_gate=1.250e-1 cos_max=0.005 r_n=4 w_n=4
  [slot-audit] s1: r_ent=0.000e0 r_max=1.000 ctx_rms=1.000e0 r_usage=9.198e-1 w_allow=5.595e-1 w_gate=3.711e-1 cos_max=0.997 r_n=4 w_n=4
  [slot-audit] s2: r_ent=0.000e0 r_max=1.000 ctx_rms=1.000e0 r_usage=7.744e-1 w_allow=1.262e-1 w_gate=1.250e-1 cos_max=0.000 r_n=4 w_n=4
  [slot-audit] s3: r_ent=0.000e0 r_max=1.000 ctx_rms=1.000e0 r_usage=6.240e3 w_allow=1.254e-1 w_gate=1.250e-1 cos_max=0.000 r_n=4 w_n=4
  train  360/600 | avg_loss=3.1722 | 239.3s | TPS=176.0
  [slot-audit] s0: r_ent=0.000e0 r_max=1.000 ctx_rms=1.000e0 r_usage=7.744e-1 w_allow=3.723e-1 w_gate=1.251e-1 cos_max=0.000 r_n=4 w_n=4
  [slot-audit] s1: r_ent=0.000e0 r_max=1.000 ctx_rms=1.000e0 r_usage=7.744e-1 w_allow=1.252e-1 w_gate=1.250e-1 cos_max=0.000 r_n=4 w_n=4
  [slot-audit] s2: r_ent=0.000e0 r_max=1.000 ctx_rms=1.000e0 r_usage=8.462e-1 w_allow=3.622e-1 w_gate=3.622e-1 cos_max=1.000 r_n=4 w_n=4
  [slot-audit] s3: r_ent=0.000e0 r_max=1.000 ctx_rms=1.000e0 r_usage=5.795e3 w_allow=3.762e-1 w_gate=3.690e-1 cos_max=0.999 r_n=4 w_n=4
  train  380/600 | avg_loss=3.1263 | 252.9s | TPS=175.8
  [slot-audit] s0: r_ent=0.000e0 r_max=1.000 ctx_rms=1.000e0 r_usage=8.979e-1 w_allow=5.822e-1 w_gate=3.692e-1 cos_max=1.000 r_n=4 w_n=4
  [slot-audit] s1: r_ent=0.000e0 r_max=1.000 ctx_rms=1.000e0 r_usage=7.744e-1 w_allow=3.261e-1 w_gate=3.227e-1 cos_max=0.991 r_n=4 w_n=4
  [slot-audit] s2: r_ent=0.000e0 r_max=1.000 ctx_rms=1.000e0 r_usage=7.744e-1 w_allow=2.879e-1 w_gate=2.874e-1 cos_max=0.999 r_n=4 w_n=4
  [slot-audit] s3: r_ent=0.000e0 r_max=1.000 ctx_rms=1.000e0 r_usage=6.186e3 w_allow=3.365e-1 w_gate=3.034e-1 cos_max=1.000 r_n=4 w_n=4
  train  400/600 | avg_loss=3.0778 | 265.8s | TPS=176.0
  [slot-audit] s0: r_ent=0.000e0 r_max=1.000 ctx_rms=1.000e0 r_usage=7.744e-1 w_allow=3.356e-1 w_gate=3.356e-1 cos_max=1.000 r_n=4 w_n=4
  [slot-audit] s1: r_ent=0.000e0 r_max=1.000 ctx_rms=1.219e0 r_usage=7.744e-1 w_allow=5.168e-1 w_gate=2.670e-1 cos_max=0.945 r_n=4 w_n=4
  [slot-audit] s2: r_ent=0.000e0 r_max=1.000 ctx_rms=1.000e0 r_usage=7.744e-1 w_allow=1.504e-1 w_gate=1.503e-1 cos_max=1.000 r_n=4 w_n=4
  [slot-audit] s3: r_ent=0.000e0 r_max=1.000 ctx_rms=1.712e0 r_usage=5.635e3 w_allow=1.349e-1 w_gate=1.349e-1 cos_max=0.928 r_n=4 w_n=4
  train  420/600 | avg_loss=3.0442 | 278.6s | TPS=176.4
  [slot-audit] s0: r_ent=0.000e0 r_max=1.000 ctx_rms=1.000e0 r_usage=7.744e-1 w_allow=2.694e-1 w_gate=2.093e-1 cos_max=1.000 r_n=4 w_n=4
  [slot-audit] s1: r_ent=0.000e0 r_max=1.000 ctx_rms=1.000e0 r_usage=7.744e-1 w_allow=5.190e-1 w_gate=3.306e-1 cos_max=1.000 r_n=4 w_n=4
  [slot-audit] s2: r_ent=0.000e0 r_max=1.000 ctx_rms=1.436e0 r_usage=7.744e-1 w_allow=2.615e-1 w_gate=2.604e-1 cos_max=1.000 r_n=4 w_n=4
  [slot-audit] s3: r_ent=0.000e0 r_max=1.000 ctx_rms=1.000e0 r_usage=1.664e4 w_allow=1.862e-1 w_gate=1.859e-1 cos_max=0.881 r_n=4 w_n=4
  train  440/600 | avg_loss=3.0083 | 291.5s | TPS=176.6
  [slot-audit] s0: r_ent=0.000e0 r_max=1.000 ctx_rms=1.000e0 r_usage=7.744e-1 w_allow=2.746e-1 w_gate=1.274e-1 cos_max=0.000 r_n=4 w_n=4
  [slot-audit] s1: r_ent=0.000e0 r_max=1.000 ctx_rms=1.000e0 r_usage=7.744e-1 w_allow=2.334e-1 w_gate=1.387e-1 cos_max=0.701 r_n=4 w_n=4
  [slot-audit] s2: r_ent=0.000e0 r_max=1.000 ctx_rms=1.000e0 r_usage=7.744e-1 w_allow=3.205e-1 w_gate=3.173e-1 cos_max=1.000 r_n=4 w_n=4
  [slot-audit] s3: r_ent=0.000e0 r_max=1.000 ctx_rms=2.806e0 r_usage=1.664e4 w_allow=1.425e-1 w_gate=1.375e-1 cos_max=0.395 r_n=4 w_n=4
  train  460/600 | avg_loss=2.9726 | 304.3s | TPS=176.9
  [slot-audit] s0: r_ent=0.000e0 r_max=1.000 ctx_rms=2.699e0 r_usage=8.268e-1 w_allow=3.594e-1 w_gate=3.594e-1 cos_max=0.000 r_n=4 w_n=4
  [slot-audit] s1: r_ent=0.000e0 r_max=1.000 ctx_rms=1.000e0 r_usage=7.744e-1 w_allow=1.250e-1 w_gate=1.250e-1 cos_max=0.000 r_n=4 w_n=4
  [slot-audit] s2: r_ent=0.000e0 r_max=1.000 ctx_rms=2.726e0 r_usage=7.744e-1 w_allow=1.451e-1 w_gate=1.250e-1 cos_max=0.702 r_n=4 w_n=4
  [slot-audit] s3: r_ent=0.000e0 r_max=1.000 ctx_rms=5.191e0 r_usage=5.320e3 w_allow=6.036e-1 w_gate=3.738e-1 cos_max=0.606 r_n=4 w_n=4
