warning: unused import: `Mutex`
 --> aideen-backbone/src/gpu_deq.rs:9:22
  |
9 | use std::sync::{Arc, Mutex};
  |                      ^^^^^
  |
  = note: `#[warn(unused_imports)]` on by default

warning: unused variable: `hist_selective`
    --> aideen-backbone/src/gpu_deq.rs:4588:13
     |
4588 |         let hist_selective = self.cfg_hist_selective;
     |             ^^^^^^^^^^^^^^ help: if this is intentional, prefix it with an underscore: `_hist_selective`
     |
     = note: `#[warn(unused_variables)]` on by default

warning: fields `assoc_slot_stride_floats`, `cfg_hist_train_carrier`, `cfg_hist_train_alog`, and `cfg_hist_train_delta` are never read
   --> aideen-backbone/src/gpu_deq.rs:80:5
    |
69  | pub struct GpuDeqBackend {
    |            ------------- fields in this struct
...
80  |     assoc_slot_stride_floats: usize,
    |     ^^^^^^^^^^^^^^^^^^^^^^^^
...
193 |     cfg_hist_train_carrier: bool,
    |     ^^^^^^^^^^^^^^^^^^^^^^
...
196 |     cfg_hist_train_alog: bool,
    |     ^^^^^^^^^^^^^^^^^^^
197 |     cfg_hist_train_delta: bool,
    |     ^^^^^^^^^^^^^^^^^^^^
    |
    = note: `#[warn(dead_code)]` on by default

warning: `aideen-backbone` (lib) generated 3 warnings (run `cargo fix --lib -p aideen-backbone` to apply 1 suggestion)
warning: unused variable: `required_seq_cap`
   --> aideen-training-lab/src/bin/assoc_recall.rs:812:9
    |
812 |     let required_seq_cap = gaps
    |         ^^^^^^^^^^^^^^^^ help: if this is intentional, prefix it with an underscore: `_required_seq_cap`
    |
    = note: `#[warn(unused_variables)]` on by default

warning: `aideen-training` (bin "assoc_recall") generated 1 warning
    Finished `release` profile [optimized] target(s) in 0.41s
     Running `target/release/assoc_recall`
╔══════════════════════════════════════════════════════════════════════╗
║              AIDEEN  Associative Recall Benchmark                   ║
╚══════════════════════════════════════════════════════════════════════╝
  vocab=50  keys=16  vals=16
  ctx_len=128  mode=FPM+SlotAttn
  n_train=400  n_eval=100  gaps=[0, 64, 128, 256]  pairs_per_seq=4
  random_baseline = log(vocab=50) = 3.9120

  d_r=512  h_slots=4
  Initializing GPU (Metal shader compilation may take a few minutes)…
[GpuDeqBackend] Adapter: Apple M1 Pro
[GpuDeqBackend] SUBGROUP supported: fast paths may be enabled.
  GPU ready.

  Training (400 sequences, gaps=[0, 64, 128, 256])…
  train   20/400 | avg_loss=3.9022 | 16.0s | TPS=153.5
  [slot-audit] s0: r_ent=0.000e0 r_max=1.000 ctx_rms=1.000e0 r_usage=1.000e0 w_allow=1.000e0 w_gate=1.000e0 cos_max=1.000 r_n=1 w_n=1
  [slot-audit] s1: r_ent=0.000e0 r_max=1.000 ctx_rms=1.000e0 r_usage=1.000e0 w_allow=1.000e0 w_gate=1.000e0 cos_max=1.000 r_n=1 w_n=1
  [slot-audit] s2: r_ent=0.000e0 r_max=1.000 ctx_rms=1.000e0 r_usage=1.000e0 w_allow=1.000e0 w_gate=1.000e0 cos_max=1.000 r_n=1 w_n=1
  [slot-audit] s3: r_ent=0.000e0 r_max=1.000 ctx_rms=1.000e0 r_usage=1.000e0 w_allow=1.000e0 w_gate=1.000e0 cos_max=1.000 r_n=1 w_n=1
  train   40/400 | avg_loss=3.8135 | 31.2s | TPS=157.6
  [slot-audit] s0: r_ent=0.000e0 r_max=1.000 ctx_rms=1.000e0 r_usage=1.000e0 w_allow=1.000e0 w_gate=1.000e0 cos_max=1.000 r_n=1 w_n=1
  [slot-audit] s1: r_ent=0.000e0 r_max=1.000 ctx_rms=1.000e0 r_usage=1.000e0 w_allow=1.000e0 w_gate=1.000e0 cos_max=1.000 r_n=1 w_n=1
  [slot-audit] s2: r_ent=0.000e0 r_max=1.000 ctx_rms=1.000e0 r_usage=1.000e0 w_allow=1.000e0 w_gate=1.000e0 cos_max=1.000 r_n=1 w_n=1
  [slot-audit] s3: r_ent=0.000e0 r_max=1.000 ctx_rms=1.000e0 r_usage=1.000e0 w_allow=1.000e0 w_gate=1.000e0 cos_max=1.000 r_n=1 w_n=1
  train   60/400 | avg_loss=3.7638 | 46.3s | TPS=159.3
  [slot-audit] s0: r_ent=0.000e0 r_max=1.000 ctx_rms=1.000e0 r_usage=1.000e0 w_allow=1.000e0 w_gate=1.000e0 cos_max=1.000 r_n=1 w_n=1
  [slot-audit] s1: r_ent=0.000e0 r_max=1.000 ctx_rms=1.000e0 r_usage=1.000e0 w_allow=1.000e0 w_gate=1.000e0 cos_max=1.000 r_n=1 w_n=1
  [slot-audit] s2: r_ent=0.000e0 r_max=1.000 ctx_rms=1.000e0 r_usage=1.000e0 w_allow=1.000e0 w_gate=1.000e0 cos_max=1.000 r_n=1 w_n=1
  [slot-audit] s3: r_ent=0.000e0 r_max=1.000 ctx_rms=1.000e0 r_usage=1.000e0 w_allow=1.000e0 w_gate=1.000e0 cos_max=1.000 r_n=1 w_n=1
  train   80/400 | avg_loss=3.7223 | 61.8s | TPS=159.2
  [slot-audit] s0: r_ent=0.000e0 r_max=1.000 ctx_rms=1.000e0 r_usage=1.000e0 w_allow=1.000e0 w_gate=1.000e0 cos_max=1.000 r_n=1 w_n=1
  [slot-audit] s1: r_ent=0.000e0 r_max=1.000 ctx_rms=1.000e0 r_usage=1.000e0 w_allow=1.000e0 w_gate=1.000e0 cos_max=1.000 r_n=1 w_n=1
  [slot-audit] s2: r_ent=0.000e0 r_max=1.000 ctx_rms=1.000e0 r_usage=1.000e0 w_allow=1.000e0 w_gate=1.000e0 cos_max=1.000 r_n=1 w_n=1
  [slot-audit] s3: r_ent=0.000e0 r_max=1.000 ctx_rms=1.000e0 r_usage=1.000e0 w_allow=1.000e0 w_gate=1.000e0 cos_max=1.000 r_n=1 w_n=1
  train  100/400 | avg_loss=3.7073 | 77.3s | TPS=159.1
  [slot-audit] s0: r_ent=0.000e0 r_max=1.000 ctx_rms=1.000e0 r_usage=1.000e0 w_allow=1.000e0 w_gate=1.000e0 cos_max=1.000 r_n=1 w_n=1
  [slot-audit] s1: r_ent=0.000e0 r_max=1.000 ctx_rms=1.000e0 r_usage=1.000e0 w_allow=1.000e0 w_gate=1.000e0 cos_max=1.000 r_n=1 w_n=1
  [slot-audit] s2: r_ent=0.000e0 r_max=1.000 ctx_rms=1.000e0 r_usage=1.000e0 w_allow=1.000e0 w_gate=1.000e0 cos_max=1.000 r_n=1 w_n=1
  [slot-audit] s3: r_ent=0.000e0 r_max=1.000 ctx_rms=1.000e0 r_usage=1.000e0 w_allow=1.000e0 w_gate=1.000e0 cos_max=1.000 r_n=1 w_n=1
  train  120/400 | avg_loss=3.6763 | 94.1s | TPS=156.9
  [slot-audit] s0: r_ent=0.000e0 r_max=1.000 ctx_rms=1.000e0 r_usage=1.000e0 w_allow=1.000e0 w_gate=1.000e0 cos_max=1.000 r_n=1 w_n=1
  [slot-audit] s1: r_ent=0.000e0 r_max=1.000 ctx_rms=1.000e0 r_usage=1.000e0 w_allow=1.000e0 w_gate=1.000e0 cos_max=1.000 r_n=1 w_n=1
  [slot-audit] s2: r_ent=0.000e0 r_max=1.000 ctx_rms=1.000e0 r_usage=1.000e0 w_allow=1.000e0 w_gate=1.000e0 cos_max=1.000 r_n=1 w_n=1
  [slot-audit] s3: r_ent=0.000e0 r_max=1.000 ctx_rms=1.000e0 r_usage=1.000e0 w_allow=1.000e0 w_gate=1.000e0 cos_max=1.000 r_n=1 w_n=1
  train  140/400 | avg_loss=3.6532 | 109.9s | TPS=156.7
  [slot-audit] s0: r_ent=0.000e0 r_max=1.000 ctx_rms=1.000e0 r_usage=1.000e0 w_allow=1.000e0 w_gate=1.000e0 cos_max=1.000 r_n=1 w_n=1
  [slot-audit] s1: r_ent=0.000e0 r_max=1.000 ctx_rms=1.000e0 r_usage=1.000e0 w_allow=1.000e0 w_gate=1.000e0 cos_max=1.000 r_n=1 w_n=1
  [slot-audit] s2: r_ent=0.000e0 r_max=1.000 ctx_rms=1.000e0 r_usage=1.000e0 w_allow=1.000e0 w_gate=1.000e0 cos_max=1.000 r_n=1 w_n=1
  [slot-audit] s3: r_ent=0.000e0 r_max=1.000 ctx_rms=1.000e0 r_usage=1.000e0 w_allow=1.000e0 w_gate=1.000e0 cos_max=1.000 r_n=1 w_n=1
  train  160/400 | avg_loss=3.6323 | 125.0s | TPS=157.4
  [slot-audit] s0: r_ent=0.000e0 r_max=1.000 ctx_rms=1.000e0 r_usage=1.000e0 w_allow=1.000e0 w_gate=1.000e0 cos_max=1.000 r_n=1 w_n=1
  [slot-audit] s1: r_ent=0.000e0 r_max=1.000 ctx_rms=1.000e0 r_usage=1.000e0 w_allow=1.000e0 w_gate=1.000e0 cos_max=1.000 r_n=1 w_n=1
  [slot-audit] s2: r_ent=0.000e0 r_max=1.000 ctx_rms=1.000e0 r_usage=1.000e0 w_allow=1.000e0 w_gate=1.000e0 cos_max=1.000 r_n=1 w_n=1
  [slot-audit] s3: r_ent=0.000e0 r_max=1.000 ctx_rms=1.000e0 r_usage=1.000e0 w_allow=1.000e0 w_gate=1.000e0 cos_max=1.000 r_n=1 w_n=1
  train  180/400 | avg_loss=3.6172 | 140.4s | TPS=157.7
  [slot-audit] s0: r_ent=0.000e0 r_max=1.000 ctx_rms=1.000e0 r_usage=1.000e0 w_allow=1.000e0 w_gate=1.000e0 cos_max=1.000 r_n=1 w_n=1
  [slot-audit] s1: r_ent=0.000e0 r_max=1.000 ctx_rms=1.000e0 r_usage=1.000e0 w_allow=1.000e0 w_gate=1.000e0 cos_max=1.000 r_n=1 w_n=1
  [slot-audit] s2: r_ent=0.000e0 r_max=1.000 ctx_rms=1.000e0 r_usage=1.000e0 w_allow=1.000e0 w_gate=1.000e0 cos_max=1.000 r_n=1 w_n=1
  [slot-audit] s3: r_ent=0.000e0 r_max=1.000 ctx_rms=1.000e0 r_usage=1.000e0 w_allow=1.000e0 w_gate=1.000e0 cos_max=1.000 r_n=1 w_n=1
  train  200/400 | avg_loss=3.6044 | 155.5s | TPS=158.2
  [slot-audit] s0: r_ent=0.000e0 r_max=1.000 ctx_rms=1.000e0 r_usage=1.000e0 w_allow=1.000e0 w_gate=1.000e0 cos_max=1.000 r_n=1 w_n=1
  [slot-audit] s1: r_ent=0.000e0 r_max=1.000 ctx_rms=1.000e0 r_usage=1.000e0 w_allow=1.000e0 w_gate=1.000e0 cos_max=1.000 r_n=1 w_n=1
  [slot-audit] s2: r_ent=0.000e0 r_max=1.000 ctx_rms=1.000e0 r_usage=1.000e0 w_allow=1.000e0 w_gate=1.000e0 cos_max=1.000 r_n=1 w_n=1
  [slot-audit] s3: r_ent=0.000e0 r_max=1.000 ctx_rms=1.000e0 r_usage=1.000e0 w_allow=1.000e0 w_gate=1.000e0 cos_max=1.000 r_n=1 w_n=1
  train  220/400 | avg_loss=3.5858 | 170.6s | TPS=158.6
  [slot-audit] s0: r_ent=0.000e0 r_max=1.000 ctx_rms=1.000e0 r_usage=1.000e0 w_allow=1.000e0 w_gate=1.000e0 cos_max=1.000 r_n=1 w_n=1
  [slot-audit] s1: r_ent=0.000e0 r_max=1.000 ctx_rms=1.000e0 r_usage=1.000e0 w_allow=1.000e0 w_gate=1.000e0 cos_max=1.000 r_n=1 w_n=1
  [slot-audit] s2: r_ent=0.000e0 r_max=1.000 ctx_rms=1.000e0 r_usage=1.000e0 w_allow=1.000e0 w_gate=1.000e0 cos_max=1.000 r_n=1 w_n=1
  [slot-audit] s3: r_ent=0.000e0 r_max=1.000 ctx_rms=1.000e0 r_usage=1.000e0 w_allow=1.000e0 w_gate=1.000e0 cos_max=1.000 r_n=1 w_n=1
  train  240/400 | avg_loss=3.5692 | 186.2s | TPS=158.5
  [slot-audit] s0: r_ent=0.000e0 r_max=1.000 ctx_rms=1.000e0 r_usage=1.000e0 w_allow=1.000e0 w_gate=1.000e0 cos_max=1.000 r_n=1 w_n=1
  [slot-audit] s1: r_ent=0.000e0 r_max=1.000 ctx_rms=1.000e0 r_usage=1.000e0 w_allow=1.000e0 w_gate=1.000e0 cos_max=1.000 r_n=1 w_n=1
  [slot-audit] s2: r_ent=0.000e0 r_max=1.000 ctx_rms=1.000e0 r_usage=1.000e0 w_allow=1.000e0 w_gate=1.000e0 cos_max=1.000 r_n=1 w_n=1
  [slot-audit] s3: r_ent=0.000e0 r_max=1.000 ctx_rms=1.000e0 r_usage=1.000e0 w_allow=1.000e0 w_gate=1.000e0 cos_max=1.000 r_n=1 w_n=1
  train  260/400 | avg_loss=3.5545 | 201.6s | TPS=158.6
  [slot-audit] s0: r_ent=0.000e0 r_max=1.000 ctx_rms=1.000e0 r_usage=1.000e0 w_allow=1.000e0 w_gate=1.000e0 cos_max=1.000 r_n=1 w_n=1
  [slot-audit] s1: r_ent=0.000e0 r_max=1.000 ctx_rms=1.000e0 r_usage=1.000e0 w_allow=1.000e0 w_gate=1.000e0 cos_max=1.000 r_n=1 w_n=1
  [slot-audit] s2: r_ent=0.000e0 r_max=1.000 ctx_rms=1.000e0 r_usage=1.000e0 w_allow=1.000e0 w_gate=1.000e0 cos_max=1.000 r_n=1 w_n=1
  [slot-audit] s3: r_ent=0.000e0 r_max=1.000 ctx_rms=1.000e0 r_usage=1.000e0 w_allow=1.000e0 w_gate=1.000e0 cos_max=1.000 r_n=1 w_n=1
  train  280/400 | avg_loss=3.5442 | 217.2s | TPS=158.6
  [slot-audit] s0: r_ent=0.000e0 r_max=1.000 ctx_rms=1.000e0 r_usage=1.000e0 w_allow=1.000e0 w_gate=1.000e0 cos_max=1.000 r_n=1 w_n=1
  [slot-audit] s1: r_ent=0.000e0 r_max=1.000 ctx_rms=1.000e0 r_usage=1.000e0 w_allow=1.000e0 w_gate=1.000e0 cos_max=1.000 r_n=1 w_n=1
  [slot-audit] s2: r_ent=0.000e0 r_max=1.000 ctx_rms=1.000e0 r_usage=1.000e0 w_allow=1.000e0 w_gate=1.000e0 cos_max=1.000 r_n=1 w_n=1
  [slot-audit] s3: r_ent=0.000e0 r_max=1.000 ctx_rms=1.000e0 r_usage=1.000e0 w_allow=1.000e0 w_gate=1.000e0 cos_max=1.000 r_n=1 w_n=1
  train  300/400 | avg_loss=3.5291 | 232.2s | TPS=158.9
  [slot-audit] s0: r_ent=0.000e0 r_max=1.000 ctx_rms=1.000e0 r_usage=1.000e0 w_allow=1.000e0 w_gate=1.000e0 cos_max=1.000 r_n=1 w_n=1
  [slot-audit] s1: r_ent=0.000e0 r_max=1.000 ctx_rms=1.000e0 r_usage=1.000e0 w_allow=1.000e0 w_gate=1.000e0 cos_max=1.000 r_n=1 w_n=1
  [slot-audit] s2: r_ent=0.000e0 r_max=1.000 ctx_rms=1.000e0 r_usage=1.000e0 w_allow=1.000e0 w_gate=1.000e0 cos_max=1.000 r_n=1 w_n=1
  [slot-audit] s3: r_ent=0.000e0 r_max=1.000 ctx_rms=1.000e0 r_usage=1.000e0 w_allow=1.000e0 w_gate=1.000e0 cos_max=1.000 r_n=1 w_n=1
  train  320/400 | avg_loss=3.5149 | 247.8s | TPS=158.9
  [slot-audit] s0: r_ent=0.000e0 r_max=1.000 ctx_rms=1.000e0 r_usage=1.000e0 w_allow=1.000e0 w_gate=1.000e0 cos_max=1.000 r_n=1 w_n=1
  [slot-audit] s1: r_ent=0.000e0 r_max=1.000 ctx_rms=1.000e0 r_usage=1.000e0 w_allow=1.000e0 w_gate=1.000e0 cos_max=1.000 r_n=1 w_n=1
  [slot-audit] s2: r_ent=0.000e0 r_max=1.000 ctx_rms=1.000e0 r_usage=1.000e0 w_allow=1.000e0 w_gate=1.000e0 cos_max=1.000 r_n=1 w_n=1
  [slot-audit] s3: r_ent=0.000e0 r_max=1.000 ctx_rms=1.000e0 r_usage=1.000e0 w_allow=1.000e0 w_gate=1.000e0 cos_max=1.000 r_n=1 w_n=1
  train  340/400 | avg_loss=3.5061 | 263.4s | TPS=158.8
  [slot-audit] s0: r_ent=0.000e0 r_max=1.000 ctx_rms=1.000e0 r_usage=1.000e0 w_allow=1.000e0 w_gate=1.000e0 cos_max=1.000 r_n=1 w_n=1
  [slot-audit] s1: r_ent=0.000e0 r_max=1.000 ctx_rms=1.000e0 r_usage=1.000e0 w_allow=1.000e0 w_gate=1.000e0 cos_max=1.000 r_n=1 w_n=1
  [slot-audit] s2: r_ent=0.000e0 r_max=1.000 ctx_rms=1.000e0 r_usage=1.000e0 w_allow=1.000e0 w_gate=1.000e0 cos_max=1.000 r_n=1 w_n=1
  [slot-audit] s3: r_ent=0.000e0 r_max=1.000 ctx_rms=1.000e0 r_usage=1.000e0 w_allow=1.000e0 w_gate=1.000e0 cos_max=1.000 r_n=1 w_n=1
  train  360/400 | avg_loss=3.4966 | 279.1s | TPS=158.7
  [slot-audit] s0: r_ent=0.000e0 r_max=1.000 ctx_rms=1.000e0 r_usage=1.000e0 w_allow=1.000e0 w_gate=1.000e0 cos_max=1.000 r_n=1 w_n=1
  [slot-audit] s1: r_ent=0.000e0 r_max=1.000 ctx_rms=1.000e0 r_usage=1.000e0 w_allow=1.000e0 w_gate=1.000e0 cos_max=1.000 r_n=1 w_n=1
  [slot-audit] s2: r_ent=0.000e0 r_max=1.000 ctx_rms=1.000e0 r_usage=1.000e0 w_allow=1.000e0 w_gate=1.000e0 cos_max=1.000 r_n=1 w_n=1
  [slot-audit] s3: r_ent=0.000e0 r_max=1.000 ctx_rms=1.000e0 r_usage=1.000e0 w_allow=1.000e0 w_gate=1.000e0 cos_max=1.000 r_n=1 w_n=1
  train  380/400 | avg_loss=3.4873 | 295.3s | TPS=158.3
  [slot-audit] s0: r_ent=0.000e0 r_max=1.000 ctx_rms=1.000e0 r_usage=1.000e0 w_allow=1.000e0 w_gate=1.000e0 cos_max=1.000 r_n=1 w_n=1
  [slot-audit] s1: r_ent=0.000e0 r_max=1.000 ctx_rms=1.000e0 r_usage=1.000e0 w_allow=1.000e0 w_gate=1.000e0 cos_max=1.000 r_n=1 w_n=1
  [slot-audit] s2: r_ent=0.000e0 r_max=1.000 ctx_rms=1.000e0 r_usage=1.000e0 w_allow=1.000e0 w_gate=1.000e0 cos_max=1.000 r_n=1 w_n=1
  [slot-audit] s3: r_ent=0.000e0 r_max=1.000 ctx_rms=1.000e0 r_usage=1.000e0 w_allow=1.000e0 w_gate=1.000e0 cos_max=1.000 r_n=1 w_n=1
  train  400/400 | avg_loss=3.4804 | 311.1s | TPS=158.1
  [slot-audit] s0: r_ent=0.000e0 r_max=1.000 ctx_rms=1.000e0 r_usage=1.000e0 w_allow=1.000e0 w_gate=1.000e0 cos_max=1.000 r_n=1 w_n=1
  [slot-audit] s1: r_ent=0.000e0 r_max=1.000 ctx_rms=1.000e0 r_usage=1.000e0 w_allow=1.000e0 w_gate=1.000e0 cos_max=1.000 r_n=1 w_n=1
  [slot-audit] s2: r_ent=0.000e0 r_max=1.000 ctx_rms=1.000e0 r_usage=1.000e0 w_allow=1.000e0 w_gate=1.000e0 cos_max=1.000 r_n=1 w_n=1
  [slot-audit] s3: r_ent=0.000e0 r_max=1.000 ctx_rms=1.000e0 r_usage=1.000e0 w_allow=1.000e0 w_gate=1.000e0 cos_max=1.000 r_n=1 w_n=1
  Training done: avg_loss=3.4804  (311.1s total)

  Evaluation (eval_mode, no weight updates):
       gap   answer_loss   random_base  retention
  ────────────────────────────────────────────────────────
         0        3.3175        3.9120  84.8% ~ random
        64        3.3260        3.9120  85.0% ~ random
       128        3.3192        3.9120  84.8% ~ random
       256        3.3121        3.9120  84.7% ~ random

  Done.
