warning: unused import: `Mutex`
 --> aideen-backbone/src/gpu_deq.rs:9:22
  |
9 | use std::sync::{Arc, Mutex};
  |                      ^^^^^
  |
  = note: `#[warn(unused_imports)]` on by default

warning: unused variable: `hist_selective`
    --> aideen-backbone/src/gpu_deq.rs:4588:13
     |
4588 |         let hist_selective = self.cfg_hist_selective;
     |             ^^^^^^^^^^^^^^ help: if this is intentional, prefix it with an underscore: `_hist_selective`
     |
     = note: `#[warn(unused_variables)]` on by default

warning: fields `assoc_slot_stride_floats`, `cfg_hist_train_carrier`, `cfg_hist_train_alog`, and `cfg_hist_train_delta` are never read
   --> aideen-backbone/src/gpu_deq.rs:80:5
    |
69  | pub struct GpuDeqBackend {
    |            ------------- fields in this struct
...
80  |     assoc_slot_stride_floats: usize,
    |     ^^^^^^^^^^^^^^^^^^^^^^^^
...
193 |     cfg_hist_train_carrier: bool,
    |     ^^^^^^^^^^^^^^^^^^^^^^
...
196 |     cfg_hist_train_alog: bool,
    |     ^^^^^^^^^^^^^^^^^^^
197 |     cfg_hist_train_delta: bool,
    |     ^^^^^^^^^^^^^^^^^^^^
    |
    = note: `#[warn(dead_code)]` on by default

warning: `aideen-backbone` (lib) generated 3 warnings (run `cargo fix --lib -p aideen-backbone` to apply 1 suggestion)
warning: unused variable: `required_seq_cap`
   --> aideen-training-lab/src/bin/assoc_recall.rs:812:9
    |
812 |     let required_seq_cap = gaps
    |         ^^^^^^^^^^^^^^^^ help: if this is intentional, prefix it with an underscore: `_required_seq_cap`
    |
    = note: `#[warn(unused_variables)]` on by default

warning: `aideen-training` (bin "assoc_recall") generated 1 warning
    Finished `release` profile [optimized] target(s) in 0.44s
     Running `target/release/assoc_recall`
╔══════════════════════════════════════════════════════════════════════╗
║              AIDEEN  Associative Recall Benchmark                   ║
╚══════════════════════════════════════════════════════════════════════╝
  vocab=50  keys=16  vals=16
  ctx_len=128  mode=FPM+SlotAttn
  n_train=400  n_eval=100  gaps=[0, 64, 128, 256]  pairs_per_seq=4
  random_baseline = log(vocab=50) = 3.9120

  d_r=512  h_slots=4
  Initializing GPU (Metal shader compilation may take a few minutes)…
[GpuDeqBackend] Adapter: Apple M1 Pro
[GpuDeqBackend] SUBGROUP supported: fast paths may be enabled.
  GPU ready.

  Training (400 sequences, gaps=[0, 64, 128, 256])…
  train   20/400 | avg_loss=3.9206 | 16.3s | TPS=150.8
  [slot-audit] s0: r_ent=0.000e0 r_max=1.000 ctx_rms=1.000e0 r_usage=6.250e-2 w_allow=6.250e-2 w_gate=6.250e-2 cos_max=0.000 r_n=1 w_n=1
  [slot-audit] s1: r_ent=0.000e0 r_max=1.000 ctx_rms=1.000e0 r_usage=6.225e-2 w_allow=6.250e-2 w_gate=6.250e-2 cos_max=0.000 r_n=1 w_n=1
  [slot-audit] s2: r_ent=0.000e0 r_max=1.000 ctx_rms=1.000e0 r_usage=6.225e-2 w_allow=6.250e-2 w_gate=6.250e-2 cos_max=0.000 r_n=1 w_n=1
  [slot-audit] s3: r_ent=0.000e0 r_max=1.000 ctx_rms=1.000e0 r_usage=6.250e-2 w_allow=6.250e-2 w_gate=6.250e-2 cos_max=0.000 r_n=1 w_n=1
  train   40/400 | avg_loss=3.8876 | 31.6s | TPS=155.6
  [slot-audit] s0: r_ent=0.000e0 r_max=1.000 ctx_rms=1.000e0 r_usage=6.250e-2 w_allow=6.250e-2 w_gate=6.250e-2 cos_max=0.000 r_n=1 w_n=1
  [slot-audit] s1: r_ent=0.000e0 r_max=1.000 ctx_rms=1.000e0 r_usage=6.250e-2 w_allow=6.250e-2 w_gate=6.250e-2 cos_max=0.000 r_n=1 w_n=1
  [slot-audit] s2: r_ent=0.000e0 r_max=1.000 ctx_rms=1.000e0 r_usage=6.250e-2 w_allow=6.250e-2 w_gate=6.250e-2 cos_max=0.000 r_n=1 w_n=1
  [slot-audit] s3: r_ent=0.000e0 r_max=1.000 ctx_rms=1.000e0 r_usage=6.250e-2 w_allow=6.250e-2 w_gate=6.250e-2 cos_max=0.000 r_n=1 w_n=1
  train   60/400 | avg_loss=3.8560 | 47.5s | TPS=155.3
  [slot-audit] s0: r_ent=0.000e0 r_max=1.000 ctx_rms=1.000e0 r_usage=6.250e-2 w_allow=6.250e-2 w_gate=6.250e-2 cos_max=0.000 r_n=1 w_n=1
  [slot-audit] s1: r_ent=0.000e0 r_max=1.000 ctx_rms=1.000e0 r_usage=6.225e-2 w_allow=6.250e-2 w_gate=6.250e-2 cos_max=0.000 r_n=1 w_n=1
  [slot-audit] s2: r_ent=0.000e0 r_max=1.000 ctx_rms=1.000e0 r_usage=6.225e-2 w_allow=6.250e-2 w_gate=6.250e-2 cos_max=0.000 r_n=1 w_n=1
  [slot-audit] s3: r_ent=0.000e0 r_max=1.000 ctx_rms=1.000e0 r_usage=6.250e-2 w_allow=6.250e-2 w_gate=6.250e-2 cos_max=0.000 r_n=1 w_n=1
  train   80/400 | avg_loss=3.8199 | 63.8s | TPS=154.3
  [slot-audit] s0: r_ent=0.000e0 r_max=1.000 ctx_rms=1.000e0 r_usage=6.225e-2 w_allow=6.250e-2 w_gate=6.250e-2 cos_max=0.000 r_n=1 w_n=1
  [slot-audit] s1: r_ent=0.000e0 r_max=1.000 ctx_rms=1.000e0 r_usage=6.250e-2 w_allow=6.250e-2 w_gate=6.250e-2 cos_max=0.000 r_n=1 w_n=1
  [slot-audit] s2: r_ent=0.000e0 r_max=1.000 ctx_rms=1.000e0 r_usage=6.250e-2 w_allow=6.250e-2 w_gate=6.250e-2 cos_max=0.000 r_n=1 w_n=1
  [slot-audit] s3: r_ent=0.000e0 r_max=1.000 ctx_rms=1.000e0 r_usage=6.250e-2 w_allow=6.250e-2 w_gate=6.250e-2 cos_max=0.000 r_n=1 w_n=1
  train  100/400 | avg_loss=3.8029 | 79.4s | TPS=154.8
  [slot-audit] s0: r_ent=0.000e0 r_max=1.000 ctx_rms=1.000e0 r_usage=6.225e-2 w_allow=6.250e-2 w_gate=6.250e-2 cos_max=0.000 r_n=1 w_n=1
  [slot-audit] s1: r_ent=0.000e0 r_max=1.000 ctx_rms=1.000e0 r_usage=6.250e-2 w_allow=6.250e-2 w_gate=6.250e-2 cos_max=0.000 r_n=1 w_n=1
  [slot-audit] s2: r_ent=0.000e0 r_max=1.000 ctx_rms=1.000e0 r_usage=6.250e-2 w_allow=6.250e-2 w_gate=6.250e-2 cos_max=0.000 r_n=1 w_n=1
  [slot-audit] s3: r_ent=0.000e0 r_max=1.000 ctx_rms=1.000e0 r_usage=6.250e-2 w_allow=6.250e-2 w_gate=6.250e-2 cos_max=0.000 r_n=1 w_n=1
  train  120/400 | avg_loss=3.7724 | 95.2s | TPS=155.0
  [slot-audit] s0: r_ent=0.000e0 r_max=1.000 ctx_rms=1.000e0 r_usage=6.250e-2 w_allow=6.250e-2 w_gate=6.250e-2 cos_max=0.000 r_n=1 w_n=1
  [slot-audit] s1: r_ent=0.000e0 r_max=1.000 ctx_rms=1.000e0 r_usage=6.250e-2 w_allow=6.250e-2 w_gate=6.250e-2 cos_max=0.000 r_n=1 w_n=1
  [slot-audit] s2: r_ent=0.000e0 r_max=1.000 ctx_rms=1.000e0 r_usage=6.225e-2 w_allow=6.250e-2 w_gate=6.250e-2 cos_max=0.000 r_n=1 w_n=1
  [slot-audit] s3: r_ent=0.000e0 r_max=1.000 ctx_rms=1.000e0 r_usage=6.250e-2 w_allow=6.250e-2 w_gate=6.250e-2 cos_max=0.000 r_n=1 w_n=1
  train  140/400 | avg_loss=3.7512 | 110.7s | TPS=155.5
  [slot-audit] s0: r_ent=0.000e0 r_max=1.000 ctx_rms=1.000e0 r_usage=6.250e-2 w_allow=6.250e-2 w_gate=6.250e-2 cos_max=0.000 r_n=1 w_n=1
  [slot-audit] s1: r_ent=0.000e0 r_max=1.000 ctx_rms=1.000e0 r_usage=6.225e-2 w_allow=6.250e-2 w_gate=6.250e-2 cos_max=0.000 r_n=1 w_n=1
  [slot-audit] s2: r_ent=0.000e0 r_max=1.000 ctx_rms=1.000e0 r_usage=6.225e-2 w_allow=6.250e-2 w_gate=6.250e-2 cos_max=0.000 r_n=1 w_n=1
  [slot-audit] s3: r_ent=0.000e0 r_max=1.000 ctx_rms=1.000e0 r_usage=6.250e-2 w_allow=6.250e-2 w_gate=6.250e-2 cos_max=0.000 r_n=1 w_n=1
  train  160/400 | avg_loss=3.7190 | 126.3s | TPS=155.8
  [slot-audit] s0: r_ent=0.000e0 r_max=1.000 ctx_rms=1.000e0 r_usage=6.250e-2 w_allow=6.250e-2 w_gate=6.250e-2 cos_max=0.000 r_n=1 w_n=1
  [slot-audit] s1: r_ent=0.000e0 r_max=1.000 ctx_rms=1.000e0 r_usage=6.250e-2 w_allow=6.250e-2 w_gate=6.250e-2 cos_max=0.000 r_n=1 w_n=1
  [slot-audit] s2: r_ent=0.000e0 r_max=1.000 ctx_rms=1.000e0 r_usage=6.225e-2 w_allow=6.250e-2 w_gate=6.250e-2 cos_max=0.000 r_n=1 w_n=1
  [slot-audit] s3: r_ent=0.000e0 r_max=1.000 ctx_rms=1.000e0 r_usage=6.250e-2 w_allow=6.250e-2 w_gate=6.250e-2 cos_max=0.000 r_n=1 w_n=1
  train  180/400 | avg_loss=3.7049 | 141.6s | TPS=156.3
  [slot-audit] s0: r_ent=0.000e0 r_max=1.000 ctx_rms=1.000e0 r_usage=6.225e-2 w_allow=6.250e-2 w_gate=6.250e-2 cos_max=0.000 r_n=1 w_n=1
  [slot-audit] s1: r_ent=0.000e0 r_max=1.000 ctx_rms=1.000e0 r_usage=6.250e-2 w_allow=6.250e-2 w_gate=6.250e-2 cos_max=0.000 r_n=1 w_n=1
  [slot-audit] s2: r_ent=0.000e0 r_max=1.000 ctx_rms=1.000e0 r_usage=6.225e-2 w_allow=6.250e-2 w_gate=6.250e-2 cos_max=0.000 r_n=1 w_n=1
  [slot-audit] s3: r_ent=0.000e0 r_max=1.000 ctx_rms=1.000e0 r_usage=6.225e-2 w_allow=6.250e-2 w_gate=6.250e-2 cos_max=0.000 r_n=1 w_n=1
  train  200/400 | avg_loss=3.6941 | 157.4s | TPS=156.2
  [slot-audit] s0: r_ent=0.000e0 r_max=1.000 ctx_rms=1.000e0 r_usage=6.225e-2 w_allow=6.250e-2 w_gate=6.250e-2 cos_max=0.000 r_n=1 w_n=1
  [slot-audit] s1: r_ent=0.000e0 r_max=1.000 ctx_rms=1.000e0 r_usage=6.250e-2 w_allow=6.250e-2 w_gate=6.250e-2 cos_max=0.000 r_n=1 w_n=1
  [slot-audit] s2: r_ent=0.000e0 r_max=1.000 ctx_rms=1.000e0 r_usage=6.250e-2 w_allow=6.250e-2 w_gate=6.250e-2 cos_max=0.000 r_n=1 w_n=1
  [slot-audit] s3: r_ent=0.000e0 r_max=1.000 ctx_rms=1.000e0 r_usage=6.250e-2 w_allow=6.250e-2 w_gate=6.250e-2 cos_max=0.000 r_n=1 w_n=1
  train  220/400 | avg_loss=3.6782 | 173.0s | TPS=156.4
  [slot-audit] s0: r_ent=0.000e0 r_max=1.000 ctx_rms=1.000e0 r_usage=6.250e-2 w_allow=6.250e-2 w_gate=6.250e-2 cos_max=0.000 r_n=1 w_n=1
  [slot-audit] s1: r_ent=0.000e0 r_max=1.000 ctx_rms=1.000e0 r_usage=6.250e-2 w_allow=6.250e-2 w_gate=6.250e-2 cos_max=0.000 r_n=1 w_n=1
  [slot-audit] s2: r_ent=0.000e0 r_max=1.000 ctx_rms=1.000e0 r_usage=6.250e-2 w_allow=6.250e-2 w_gate=6.250e-2 cos_max=0.000 r_n=1 w_n=1
  [slot-audit] s3: r_ent=0.000e0 r_max=1.000 ctx_rms=1.000e0 r_usage=6.250e-2 w_allow=6.250e-2 w_gate=6.250e-2 cos_max=0.000 r_n=1 w_n=1
  train  240/400 | avg_loss=3.6556 | 188.9s | TPS=156.3
  [slot-audit] s0: r_ent=0.000e0 r_max=1.000 ctx_rms=1.000e0 r_usage=6.225e-2 w_allow=6.250e-2 w_gate=6.250e-2 cos_max=0.000 r_n=1 w_n=1
  [slot-audit] s1: r_ent=0.000e0 r_max=1.000 ctx_rms=1.000e0 r_usage=6.250e-2 w_allow=6.250e-2 w_gate=6.250e-2 cos_max=0.000 r_n=1 w_n=1
  [slot-audit] s2: r_ent=0.000e0 r_max=1.000 ctx_rms=1.000e0 r_usage=6.250e-2 w_allow=6.250e-2 w_gate=6.250e-2 cos_max=0.000 r_n=1 w_n=1
  [slot-audit] s3: r_ent=0.000e0 r_max=1.000 ctx_rms=1.000e0 r_usage=6.250e-2 w_allow=6.250e-2 w_gate=6.250e-2 cos_max=0.000 r_n=1 w_n=1
  train  260/400 | avg_loss=3.6463 | 204.5s | TPS=156.4
  [slot-audit] s0: r_ent=0.000e0 r_max=1.000 ctx_rms=1.000e0 r_usage=6.225e-2 w_allow=6.250e-2 w_gate=6.250e-2 cos_max=0.000 r_n=1 w_n=1
  [slot-audit] s1: r_ent=0.000e0 r_max=1.000 ctx_rms=1.000e0 r_usage=6.250e-2 w_allow=6.250e-2 w_gate=6.250e-2 cos_max=0.000 r_n=1 w_n=1
  [slot-audit] s2: r_ent=0.000e0 r_max=1.000 ctx_rms=1.000e0 r_usage=6.250e-2 w_allow=6.250e-2 w_gate=6.250e-2 cos_max=0.000 r_n=1 w_n=1
  [slot-audit] s3: r_ent=0.000e0 r_max=1.000 ctx_rms=1.000e0 r_usage=6.225e-2 w_allow=6.250e-2 w_gate=6.250e-2 cos_max=0.000 r_n=1 w_n=1
  train  280/400 | avg_loss=3.6326 | 220.1s | TPS=156.5
  [slot-audit] s0: r_ent=0.000e0 r_max=1.000 ctx_rms=1.000e0 r_usage=6.250e-2 w_allow=6.250e-2 w_gate=6.250e-2 cos_max=0.000 r_n=1 w_n=1
  [slot-audit] s1: r_ent=0.000e0 r_max=1.000 ctx_rms=1.000e0 r_usage=6.250e-2 w_allow=6.250e-2 w_gate=6.250e-2 cos_max=0.000 r_n=1 w_n=1
  [slot-audit] s2: r_ent=0.000e0 r_max=1.000 ctx_rms=1.000e0 r_usage=6.250e-2 w_allow=6.250e-2 w_gate=6.250e-2 cos_max=0.000 r_n=1 w_n=1
  [slot-audit] s3: r_ent=0.000e0 r_max=1.000 ctx_rms=1.000e0 r_usage=6.250e-2 w_allow=6.250e-2 w_gate=6.250e-2 cos_max=0.000 r_n=1 w_n=1
  train  300/400 | avg_loss=3.6099 | 235.9s | TPS=156.5
  [slot-audit] s0: r_ent=0.000e0 r_max=1.000 ctx_rms=1.000e0 r_usage=6.250e-2 w_allow=6.250e-2 w_gate=6.250e-2 cos_max=0.000 r_n=1 w_n=1
  [slot-audit] s1: r_ent=0.000e0 r_max=1.000 ctx_rms=1.000e0 r_usage=6.250e-2 w_allow=6.250e-2 w_gate=6.250e-2 cos_max=0.000 r_n=1 w_n=1
  [slot-audit] s2: r_ent=0.000e0 r_max=1.000 ctx_rms=1.000e0 r_usage=6.250e-2 w_allow=6.250e-2 w_gate=6.250e-2 cos_max=0.000 r_n=1 w_n=1
  [slot-audit] s3: r_ent=0.000e0 r_max=1.000 ctx_rms=1.000e0 r_usage=6.250e-2 w_allow=6.250e-2 w_gate=6.250e-2 cos_max=0.000 r_n=1 w_n=1
  train  320/400 | avg_loss=3.5845 | 251.5s | TPS=156.5
  [slot-audit] s0: r_ent=0.000e0 r_max=1.000 ctx_rms=1.000e0 r_usage=6.225e-2 w_allow=6.250e-2 w_gate=6.250e-2 cos_max=0.000 r_n=1 w_n=1
  [slot-audit] s1: r_ent=0.000e0 r_max=1.000 ctx_rms=1.000e0 r_usage=6.225e-2 w_allow=6.250e-2 w_gate=6.250e-2 cos_max=0.000 r_n=1 w_n=1
  [slot-audit] s2: r_ent=0.000e0 r_max=1.000 ctx_rms=1.000e0 r_usage=6.225e-2 w_allow=6.250e-2 w_gate=6.250e-2 cos_max=0.000 r_n=1 w_n=1
  [slot-audit] s3: r_ent=0.000e0 r_max=1.000 ctx_rms=1.000e0 r_usage=6.250e-2 w_allow=6.250e-2 w_gate=6.250e-2 cos_max=0.000 r_n=1 w_n=1
  train  340/400 | avg_loss=3.5718 | 266.7s | TPS=156.8
  [slot-audit] s0: r_ent=0.000e0 r_max=1.000 ctx_rms=1.000e0 r_usage=6.225e-2 w_allow=6.250e-2 w_gate=6.250e-2 cos_max=0.000 r_n=1 w_n=1
  [slot-audit] s1: r_ent=0.000e0 r_max=1.000 ctx_rms=1.000e0 r_usage=6.250e-2 w_allow=6.250e-2 w_gate=6.250e-2 cos_max=0.000 r_n=1 w_n=1
  [slot-audit] s2: r_ent=0.000e0 r_max=1.000 ctx_rms=1.000e0 r_usage=6.250e-2 w_allow=6.250e-2 w_gate=6.250e-2 cos_max=0.000 r_n=1 w_n=1
  [slot-audit] s3: r_ent=0.000e0 r_max=1.000 ctx_rms=1.000e0 r_usage=6.250e-2 w_allow=6.250e-2 w_gate=6.250e-2 cos_max=0.000 r_n=1 w_n=1
  train  360/400 | avg_loss=3.5582 | 282.5s | TPS=156.7
  [slot-audit] s0: r_ent=0.000e0 r_max=1.000 ctx_rms=1.000e0 r_usage=6.250e-2 w_allow=6.250e-2 w_gate=6.250e-2 cos_max=0.000 r_n=1 w_n=1
  [slot-audit] s1: r_ent=0.000e0 r_max=1.000 ctx_rms=1.000e0 r_usage=6.225e-2 w_allow=6.250e-2 w_gate=6.250e-2 cos_max=0.000 r_n=1 w_n=1
  [slot-audit] s2: r_ent=0.000e0 r_max=1.000 ctx_rms=1.000e0 r_usage=6.225e-2 w_allow=6.250e-2 w_gate=6.250e-2 cos_max=0.000 r_n=1 w_n=1
  [slot-audit] s3: r_ent=0.000e0 r_max=1.000 ctx_rms=1.000e0 r_usage=6.250e-2 w_allow=6.250e-2 w_gate=6.250e-2 cos_max=0.000 r_n=1 w_n=1
  train  380/400 | avg_loss=3.5489 | 298.2s | TPS=156.8
  [slot-audit] s0: r_ent=0.000e0 r_max=1.000 ctx_rms=1.000e0 r_usage=6.225e-2 w_allow=6.250e-2 w_gate=6.250e-2 cos_max=0.000 r_n=1 w_n=1
  [slot-audit] s1: r_ent=0.000e0 r_max=1.000 ctx_rms=1.000e0 r_usage=6.250e-2 w_allow=6.250e-2 w_gate=6.250e-2 cos_max=0.000 r_n=1 w_n=1
  [slot-audit] s2: r_ent=0.000e0 r_max=1.000 ctx_rms=1.000e0 r_usage=6.225e-2 w_allow=6.250e-2 w_gate=6.250e-2 cos_max=0.000 r_n=1 w_n=1
  [slot-audit] s3: r_ent=0.000e0 r_max=1.000 ctx_rms=1.000e0 r_usage=6.225e-2 w_allow=6.250e-2 w_gate=6.250e-2 cos_max=0.000 r_n=1 w_n=1
  train  400/400 | avg_loss=3.5353 | 313.7s | TPS=156.9
  [slot-audit] s0: r_ent=0.000e0 r_max=1.000 ctx_rms=1.000e0 r_usage=6.250e-2 w_allow=6.250e-2 w_gate=6.250e-2 cos_max=0.000 r_n=1 w_n=1
  [slot-audit] s1: r_ent=0.000e0 r_max=1.000 ctx_rms=1.000e0 r_usage=6.250e-2 w_allow=6.250e-2 w_gate=6.250e-2 cos_max=0.000 r_n=1 w_n=1
  [slot-audit] s2: r_ent=0.000e0 r_max=1.000 ctx_rms=1.000e0 r_usage=6.250e-2 w_allow=6.250e-2 w_gate=6.250e-2 cos_max=0.000 r_n=1 w_n=1
  [slot-audit] s3: r_ent=0.000e0 r_max=1.000 ctx_rms=1.000e0 r_usage=6.250e-2 w_allow=6.250e-2 w_gate=6.250e-2 cos_max=0.000 r_n=1 w_n=1
  Training done: avg_loss=3.5353  (313.7s total)

  Evaluation (eval_mode, no weight updates):
       gap   answer_loss   random_base  retention
  ────────────────────────────────────────────────────────
         0        3.2588        3.9120  83.3% ~ random
        64        3.3700        3.9120  86.1% ~ random
       128        3.2682        3.9120  83.5% ~ random
       256        3.2661        3.9120  83.5% ~ random

  Done.
