   Compiling aideen-block v0.1.0 (/Users/sergiosolis/Programacion/aideen/aideen-block)
   Compiling aideen-backbone v0.1.0 (/Users/sergiosolis/Programacion/aideen/aideen-backbone)
warning: unused import: `Mutex`
 --> aideen-backbone/src/gpu_deq.rs:9:22
  |
9 | use std::sync::{Arc, Mutex};
  |                      ^^^^^
  |
  = note: `#[warn(unused_imports)]` on by default

warning: field `assoc_slot_stride_floats` is never read
  --> aideen-backbone/src/gpu_deq.rs:80:5
   |
69 | pub struct GpuDeqBackend {
   |            ------------- field in this struct
...
80 |     assoc_slot_stride_floats: usize,
   |     ^^^^^^^^^^^^^^^^^^^^^^^^
   |
   = note: `#[warn(dead_code)]` on by default

   Compiling aideen-training v0.1.0 (/Users/sergiosolis/Programacion/aideen/aideen-training-lab)
warning: `aideen-backbone` (lib) generated 2 warnings (run `cargo fix --lib -p aideen-backbone` to apply 1 suggestion)
    Finished `release` profile [optimized] target(s) in 13.77s
     Running `target/release/assoc_recall`
╔══════════════════════════════════════════════════════════════════════╗
║              AIDEEN  Associative Recall Benchmark                   ║
╚══════════════════════════════════════════════════════════════════════╝
  vocab=50  keys=16  vals=16
  ctx_len=128  mode=FPM+SlotAttn
  n_train=200  n_eval=50  gaps=[0, 64, 128, 256]  pairs_per_seq=2
  random_baseline = log(vocab=50) = 3.9120

  d_r=512  h_slots=4
  Initializing GPU (Metal shader compilation may take a few minutes)…
[GpuDeqBackend] Adapter: Apple M1 Pro
[GpuDeqBackend] SUBGROUP supported: fast paths may be enabled.
  GPU ready.

  Training (200 sequences, gaps=[0, 64, 128, 256])…
  train  100/200 | avg_loss=3.5111 | 119.5s
  train  200/200 | avg_loss=3.4041 | 237.2s
  Training done: avg_loss=3.4041  (237.2s total)

  Evaluation (eval_mode, no weight updates):
       gap   answer_loss   random_base  retention
  ────────────────────────────────────────────────────────
         0        3.3216        3.9120  84.9% ~ random
        64        2.9253        3.9120  74.8% partial
       128        3.0956        3.9120  79.1% partial
       256        3.3410        3.9120  85.4% ~ random

  Done.
