warning: unused import: `Mutex`
 --> aideen-backbone/src/gpu_deq.rs:9:22
  |
9 | use std::sync::{Arc, Mutex};
  |                      ^^^^^
  |
  = note: `#[warn(unused_imports)]` on by default

warning: unused variable: `hist_selective`
    --> aideen-backbone/src/gpu_deq.rs:4588:13
     |
4588 |         let hist_selective = self.cfg_hist_selective;
     |             ^^^^^^^^^^^^^^ help: if this is intentional, prefix it with an underscore: `_hist_selective`
     |
     = note: `#[warn(unused_variables)]` on by default

warning: fields `assoc_slot_stride_floats`, `cfg_hist_train_carrier`, `cfg_hist_train_alog`, and `cfg_hist_train_delta` are never read
   --> aideen-backbone/src/gpu_deq.rs:80:5
    |
69  | pub struct GpuDeqBackend {
    |            ------------- fields in this struct
...
80  |     assoc_slot_stride_floats: usize,
    |     ^^^^^^^^^^^^^^^^^^^^^^^^
...
193 |     cfg_hist_train_carrier: bool,
    |     ^^^^^^^^^^^^^^^^^^^^^^
...
196 |     cfg_hist_train_alog: bool,
    |     ^^^^^^^^^^^^^^^^^^^
197 |     cfg_hist_train_delta: bool,
    |     ^^^^^^^^^^^^^^^^^^^^
    |
    = note: `#[warn(dead_code)]` on by default

warning: `aideen-backbone` (lib) generated 3 warnings (run `cargo fix --lib -p aideen-backbone` to apply 1 suggestion)
warning: unused variable: `required_seq_cap`
   --> aideen-training-lab/src/bin/assoc_recall.rs:812:9
    |
812 |     let required_seq_cap = gaps
    |         ^^^^^^^^^^^^^^^^ help: if this is intentional, prefix it with an underscore: `_required_seq_cap`
    |
    = note: `#[warn(unused_variables)]` on by default

warning: `aideen-training` (bin "assoc_recall") generated 1 warning
    Finished `release` profile [optimized] target(s) in 0.40s
     Running `target/release/assoc_recall`
╔══════════════════════════════════════════════════════════════════════╗
║              AIDEEN  Associative Recall Benchmark                   ║
╚══════════════════════════════════════════════════════════════════════╝
  vocab=50  keys=16  vals=16
  ctx_len=128  mode=FPM+SlotAttn
  n_train=600  n_eval=150  gaps=[0, 64, 128, 256]  pairs_per_seq=1
  random_baseline = log(vocab=50) = 3.9120

  d_r=512  h_slots=4
  Initializing GPU (Metal shader compilation may take a few minutes)…
[GpuDeqBackend] Adapter: Apple M1 Pro
[GpuDeqBackend] SUBGROUP supported: fast paths may be enabled.
  GPU ready.

  Training (600 sequences, gaps=[0, 64, 128, 256])…
[ASSOC-BWD-STEP] s0: val_rms=4.068e-1 score_grad_max=0.000e0 wq_step_max=0.000e0 wk_step_max=0.000e0 alpha_grad_max=4.037e-5 key_grad_sum=0.000e0 gprev_sum=0.000e0 write_mass=3.000e0
[ASSOC-BWD-STEP] s1: val_rms=2.149e-1 score_grad_max=0.000e0 wq_step_max=0.000e0 wk_step_max=0.000e0 alpha_grad_max=3.814e-5 key_grad_sum=0.000e0 gprev_sum=0.000e0 write_mass=3.000e0
[ASSOC-BWD-STEP] s2: val_rms=1.703e-1 score_grad_max=0.000e0 wq_step_max=0.000e0 wk_step_max=0.000e0 alpha_grad_max=5.295e-5 key_grad_sum=0.000e0 gprev_sum=0.000e0 write_mass=3.000e0
[ASSOC-BWD-STEP] s3: val_rms=9.093e-1 score_grad_max=0.000e0 wq_step_max=0.000e0 wk_step_max=0.000e0 alpha_grad_max=2.732e-5 key_grad_sum=0.000e0 gprev_sum=0.000e0 write_mass=3.000e0
    [90m[GPU-DEBUG] Step  1: hit= 12/16 (  0.0%) contr=1.000 solve=4.248e2 rs_cg=0.0e0 iters=15.0 cap=12 damp=0.85 mode=NORMAL conv=OK tps=0.0 max_h=2.387275 sig/pre/fh/h=1.000e-3/1.001e0/1.000e0/1.000e0 attn=1.036e-3 attn/sig=1.036e0 attn_scale=1.380e0 i0_err=4.248e2 i1_err=5.409e-1 i0_a/s=1.036e0 i1_a/s=1.036e0 i0_sc=1.380e0 i1_sc=1.380e0 imax_err=0@tok=0 imax_a=0@tok=0 nscale_max=1.000e0 pre/h=1.438e0 fh/h=7.185e2[0m
    [90m[FPM-STEP] status=OK err_h=4.248e2 exit_err_h=4.929e-2 exit_iter=20.00 err_M=1.000e0 z_max=0.183 z_avg=0.180 u2v_max=1.319e1 memctx_rms=1.742e-7 memctx/sig=3.942e-3 dead=16 sat=0 rescue=0/0 pre_rescue=0 eps=1.000e-4 a_m=0.010 tau=0.50[0m
    [90m[GPU-SLOTS] s0:Δ=5.41e-1,exit_err=4.42e-2,hit=4,it=20.0,c=1.00,h=2.39e0,exit=0/0/4,band=3.0e-2 | s1:Δ=5.34e-1,exit_err=5.44e-2,hit=4,it=20.0,c=-0.00,h=2.29e-7,exit=0/0/4,band=3.0e-2 | s2:Δ=2.19e-7,exit_err=4.42e-2,hit=0,it=0.0,c=0.00,h=2.39e0,exit=0/0/4,band=3.0e-2 | s3:Δ=5.34e-1,exit_err=5.45e-2,hit=4,it=20.0,c=1.00,h=2.33e0,exit=0/0/4,band=3.0e-2[0m
    [90m[GPU-TOKENS] t00 h=0.000e0 v=0.000e0 a=0.000e0 t01 h=0.000e0 v=0.000e0 a=0.000e0 t02 h=0.000e0 v=0.000e0 a=0.000e0 t03 h=0.000e0 v=0.000e0 a=0.000e0[0m
[ASSOC-BWD-STEP] s0: val_rms=2.043e-1 score_grad_max=5.281e-1 wq_step_max=0.000e0 wk_step_max=0.000e0 alpha_grad_max=1.816e-6 key_grad_sum=NaN gprev_sum=NaN write_mass=4.000e0
[ASSOC-BWD-STEP] s1: val_rms=1.660e-1 score_grad_max=4.559e-1 wq_step_max=0.000e0 wk_step_max=0.000e0 alpha_grad_max=1.392e-6 key_grad_sum=NaN gprev_sum=NaN write_mass=4.000e0
[ASSOC-BWD-STEP] s2: val_rms=1.659e-1 score_grad_max=3.012e2 wq_step_max=0.000e0 wk_step_max=0.000e0 alpha_grad_max=1.392e-6 key_grad_sum=NaN gprev_sum=NaN write_mass=4.000e0
[ASSOC-BWD-STEP] s3: val_rms=4.986e-1 score_grad_max=4.621e2 wq_step_max=0.000e0 wk_step_max=0.000e0 alpha_grad_max=3.066e-6 key_grad_sum=NaN gprev_sum=NaN write_mass=4.000e0
    [90m[GPU-DEBUG] Step  2: hit=204/272 ( 75.0%) contr=1.000 solve=4.248e2 rs_cg=0.0e0 iters=15.0 cap=12 damp=0.85 mode=NORMAL conv=OK tps=198.6 max_h=2.145106 sig/pre/fh/h=1.000e-3/1.001e0/1.000e0/1.000e0 attn=1.036e-3 attn/sig=1.036e0 attn_scale=1.380e0 i0_err=4.248e2 i1_err=5.409e-1 i0_a/s=1.036e0 i1_a/s=1.036e0 i0_sc=1.380e0 i1_sc=1.380e0 imax_err=0@tok=0 imax_a=0@tok=0 nscale_max=1.000e0 pre/h=1.438e0 fh/h=7.185e2[0m
    [90m[FPM-STEP] status=OK err_h=4.248e2 exit_err_h=4.997e-2 exit_iter=20.00 err_M=1.000e0 z_max=0.183 z_avg=0.180 u2v_max=1.319e1 memctx_rms=1.745e-7 memctx/sig=3.948e-3 dead=272 sat=0 rescue=0/0 pre_rescue=0 eps=1.000e-4 a_m=0.010 tau=0.50[0m
    [90m[GPU-SLOTS] s0:Δ=5.41e-1,exit_err=4.76e-2,hit=68,it=20.0,c=1.00,h=2.08e0,exit=0/0/68,band=3.0e-2 | s1:Δ=5.34e-1,exit_err=5.23e-2,hit=68,it=20.0,c=-0.00,h=2.24e-2,exit=0/0/68,band=3.0e-2 | s2:Δ=2.12e-3,exit_err=4.76e-2,hit=0,it=0.0,c=0.00,h=2.08e0,exit=0/0/68,band=3.0e-2 | s3:Δ=5.34e-1,exit_err=5.23e-2,hit=68,it=20.0,c=1.00,h=2.15e0,exit=0/0/68,band=3.0e-2[0m
[ASSOC-BWD-STEP] s0: val_rms=0.000e0 score_grad_max=0.000e0 wq_step_max=0.000e0 wk_step_max=0.000e0 alpha_grad_max=0.000e0 key_grad_sum=NaN gprev_sum=NaN write_mass=4.000e0
[ASSOC-BWD-STEP] s1: val_rms=0.000e0 score_grad_max=0.000e0 wq_step_max=0.000e0 wk_step_max=0.000e0 alpha_grad_max=0.000e0 key_grad_sum=NaN gprev_sum=NaN write_mass=4.000e0
[ASSOC-BWD-STEP] s2: val_rms=0.000e0 score_grad_max=0.000e0 wq_step_max=0.000e0 wk_step_max=0.000e0 alpha_grad_max=0.000e0 key_grad_sum=NaN gprev_sum=NaN write_mass=4.000e0
[ASSOC-BWD-STEP] s3: val_rms=0.000e0 score_grad_max=0.000e0 wq_step_max=0.000e0 wk_step_max=0.000e0 alpha_grad_max=0.000e0 key_grad_sum=NaN gprev_sum=NaN write_mass=4.000e0
    [90m[GPU-DEBUG] Step  3: hit=384/512 ( 75.0%) contr=1.000 solve=4.248e2 rs_cg=0.0e0 iters=15.0 cap=12 damp=0.85 mode=NORMAL conv=OK tps=216.3 max_h=2.067231 sig/pre/fh/h=1.000e-3/1.001e0/1.000e0/1.000e0 attn=1.036e-3 attn/sig=1.036e0 attn_scale=1.380e0 i0_err=4.248e2 i1_err=5.409e-1 i0_a/s=1.036e0 i1_a/s=1.036e0 i0_sc=1.380e0 i1_sc=1.380e0 imax_err=0@tok=0 imax_a=0@tok=0 nscale_max=1.000e0 pre/h=1.438e0 fh/h=7.185e2[0m
    [90m[FPM-STEP] status=OK err_h=4.248e2 exit_err_h=5.030e-2 exit_iter=20.00 err_M=1.000e0 z_max=0.183 z_avg=0.180 u2v_max=1.319e1 memctx_rms=1.748e-7 memctx/sig=3.954e-3 dead=512 sat=0 rescue=0/0 pre_rescue=0 eps=1.000e-4 a_m=0.010 tau=0.50[0m
    [90m[GPU-SLOTS] s0:Δ=5.41e-1,exit_err=4.96e-2,hit=128,it=20.0,c=1.00,h=2.03e0,exit=0/0/128,band=3.0e-2 | s1:Δ=5.34e-1,exit_err=5.11e-2,hit=128,it=20.0,c=-0.00,h=1.08e-2,exit=0/0/128,band=3.0e-2 | s2:Δ=-1.50e-2,exit_err=4.95e-2,hit=0,it=0.0,c=0.00,h=2.03e0,exit=0/0/128,band=3.0e-2 | s3:Δ=5.34e-1,exit_err=5.10e-2,hit=128,it=20.0,c=1.00,h=2.07e0,exit=0/0/128,band=3.0e-2[0m
[ASSOC-BWD-STEP] s0: val_rms=3.764e-1 score_grad_max=4.968e3 wq_step_max=0.000e0 wk_step_max=0.000e0 alpha_grad_max=5.776e-5 key_grad_sum=1.505e5 gprev_sum=7.526e4 write_mass=1.000e0
[ASSOC-BWD-STEP] s1: val_rms=2.005e-1 score_grad_max=4.406e3 wq_step_max=0.000e0 wk_step_max=0.000e0 alpha_grad_max=1.973e-4 key_grad_sum=2.593e5 gprev_sum=1.297e5 write_mass=1.000e0
[ASSOC-BWD-STEP] s2: val_rms=1.562e-1 score_grad_max=3.040e3 wq_step_max=0.000e0 wk_step_max=0.000e0 alpha_grad_max=5.049e-5 key_grad_sum=NaN gprev_sum=NaN write_mass=1.000e0
[ASSOC-BWD-STEP] s3: val_rms=8.429e-1 score_grad_max=4.235e3 wq_step_max=0.000e0 wk_step_max=0.000e0 alpha_grad_max=1.224e-4 key_grad_sum=NaN gprev_sum=NaN write_mass=1.000e0
    [90m[GPU-DEBUG] Step  4: hit= 12/16 ( 75.0%) contr=1.000 solve=4.248e2 rs_cg=0.0e0 iters=15.0 cap=12 damp=0.85 mode=NORMAL conv=OK tps=14.9 max_h=2.388008 sig/pre/fh/h=1.000e-3/1.001e0/1.000e0/1.000e0 attn=1.036e-3 attn/sig=1.036e0 attn_scale=1.380e0 i0_err=4.248e2 i1_err=5.409e-1 i0_a/s=1.036e0 i1_a/s=1.036e0 i0_sc=1.380e0 i1_sc=1.380e0 imax_err=0@tok=0 imax_a=0@tok=0 nscale_max=1.000e0 pre/h=1.438e0 fh/h=7.185e2[0m
    [90m[FPM-STEP] status=OK err_h=4.248e2 exit_err_h=4.928e-2 exit_iter=20.00 err_M=1.000e0 z_max=0.183 z_avg=0.180 u2v_max=1.319e1 memctx_rms=1.742e-7 memctx/sig=3.942e-3 dead=16 sat=0 rescue=0/0 pre_rescue=0 eps=1.000e-4 a_m=0.010 tau=0.50[0m
    [90m[GPU-SLOTS] s0:Δ=5.41e-1,exit_err=4.42e-2,hit=4,it=20.0,c=1.00,h=2.39e0,exit=0/0/4,band=3.0e-2 | s1:Δ=5.34e-1,exit_err=5.44e-2,hit=4,it=20.0,c=0.00,h=-4.27e-3,exit=0/0/4,band=3.0e-2 | s2:Δ=-9.74e-5,exit_err=4.41e-2,hit=0,it=-0.0,c=0.00,h=2.39e0,exit=0/0/4,band=3.0e-2 | s3:Δ=5.34e-1,exit_err=5.44e-2,hit=4,it=20.0,c=1.00,h=2.33e0,exit=0/0/4,band=3.0e-2[0m
    [90m[GPU-TOKENS] t00 h=0.000e0 v=0.000e0 a=0.000e0 t01 h=0.000e0 v=0.000e0 a=0.000e0 t02 h=0.000e0 v=0.000e0 a=0.000e0 t03 h=0.000e0 v=0.000e0 a=0.000e0[0m
[ASSOC-BWD-STEP] s0: val_rms=0.000e0 score_grad_max=0.000e0 wq_step_max=0.000e0 wk_step_max=0.000e0 alpha_grad_max=0.000e0 key_grad_sum=NaN gprev_sum=NaN write_mass=4.000e0
[ASSOC-BWD-STEP] s1: val_rms=0.000e0 score_grad_max=0.000e0 wq_step_max=0.000e0 wk_step_max=0.000e0 alpha_grad_max=0.000e0 key_grad_sum=NaN gprev_sum=NaN write_mass=4.000e0
[ASSOC-BWD-STEP] s2: val_rms=0.000e0 score_grad_max=0.000e0 wq_step_max=0.000e0 wk_step_max=0.000e0 alpha_grad_max=0.000e0 key_grad_sum=NaN gprev_sum=NaN write_mass=4.000e0
[ASSOC-BWD-STEP] s3: val_rms=0.000e0 score_grad_max=0.000e0 wq_step_max=0.000e0 wk_step_max=0.000e0 alpha_grad_max=0.000e0 key_grad_sum=NaN gprev_sum=NaN write_mass=4.000e0
    [90m[GPU-DEBUG] Step  5: hit=384/512 ( 75.0%) contr=1.000 solve=4.248e2 rs_cg=0.0e0 iters=15.0 cap=12 damp=0.85 mode=NORMAL conv=OK tps=218.2 max_h=2.067590 sig/pre/fh/h=1.000e-3/1.001e0/1.000e0/1.000e0 attn=1.036e-3 attn/sig=1.036e0 attn_scale=1.380e0 i0_err=4.248e2 i1_err=5.409e-1 i0_a/s=1.036e0 i1_a/s=1.036e0 i0_sc=1.380e0 i1_sc=1.380e0 imax_err=0@tok=0 imax_a=0@tok=0 nscale_max=1.000e0 pre/h=1.438e0 fh/h=7.185e2[0m
    [90m[FPM-STEP] status=OK err_h=4.248e2 exit_err_h=5.037e-2 exit_iter=20.00 err_M=1.000e0 z_max=0.183 z_avg=0.180 u2v_max=1.319e1 memctx_rms=1.736e-7 memctx/sig=3.928e-3 dead=512 sat=0 rescue=0/0 pre_rescue=0 eps=1.000e-4 a_m=0.010 tau=0.50[0m
    [90m[GPU-SLOTS] s0:Δ=5.41e-1,exit_err=4.96e-2,hit=128,it=20.0,c=1.00,h=2.03e0,exit=0/0/128,band=3.0e-2 | s1:Δ=5.34e-1,exit_err=5.12e-2,hit=128,it=20.0,c=0.01,h=1.93e-2,exit=0/0/128,band=3.0e-2 | s2:Δ=4.19e-3,exit_err=4.95e-2,hit=0,it=0.0,c=0.00,h=2.03e0,exit=0/0/128,band=3.0e-2 | s3:Δ=5.34e-1,exit_err=5.12e-2,hit=128,it=20.0,c=1.00,h=2.07e0,exit=0/0/128,band=3.0e-2[0m
[ASSOC-BWD-STEP] s0: val_rms=0.000e0 score_grad_max=0.000e0 wq_step_max=0.000e0 wk_step_max=0.000e0 alpha_grad_max=0.000e0 key_grad_sum=NaN gprev_sum=NaN write_mass=1.000e0
[ASSOC-BWD-STEP] s1: val_rms=0.000e0 score_grad_max=0.000e0 wq_step_max=0.000e0 wk_step_max=0.000e0 alpha_grad_max=0.000e0 key_grad_sum=NaN gprev_sum=NaN write_mass=1.000e0
[ASSOC-BWD-STEP] s2: val_rms=0.000e0 score_grad_max=0.000e0 wq_step_max=0.000e0 wk_step_max=0.000e0 alpha_grad_max=0.000e0 key_grad_sum=NaN gprev_sum=NaN write_mass=1.000e0
[ASSOC-BWD-STEP] s3: val_rms=0.000e0 score_grad_max=0.000e0 wq_step_max=0.000e0 wk_step_max=0.000e0 alpha_grad_max=0.000e0 key_grad_sum=NaN gprev_sum=NaN write_mass=1.000e0
    [90m[GPU-DEBUG] Step  6: hit=384/512 ( 75.0%) contr=1.000 solve=4.248e2 rs_cg=0.0e0 iters=15.0 cap=12 damp=0.85 mode=NORMAL conv=OK tps=220.3 max_h=2.067878 sig/pre/fh/h=1.000e-3/1.001e0/1.000e0/1.000e0 attn=1.036e-3 attn/sig=1.036e0 attn_scale=1.380e0 i0_err=4.248e2 i1_err=5.409e-1 i0_a/s=1.036e0 i1_a/s=1.036e0 i0_sc=1.380e0 i1_sc=1.380e0 imax_err=0@tok=0 imax_a=0@tok=0 nscale_max=1.000e0 pre/h=1.438e0 fh/h=7.185e2[0m
    [90m[FPM-STEP] status=OK err_h=4.248e2 exit_err_h=5.039e-2 exit_iter=20.00 err_M=1.000e0 z_max=0.183 z_avg=0.180 u2v_max=1.319e1 memctx_rms=1.739e-7 memctx/sig=3.936e-3 dead=512 sat=0 rescue=0/0 pre_rescue=0 eps=1.000e-4 a_m=0.010 tau=0.50[0m
    [90m[GPU-SLOTS] s0:Δ=5.41e-1,exit_err=4.96e-2,hit=128,it=20.0,c=1.00,h=2.03e0,exit=0/0/128,band=3.0e-2 | s1:Δ=5.34e-1,exit_err=5.12e-2,hit=128,it=20.0,c=0.00,h=8.74e-2,exit=0/0/128,band=3.0e-2 | s2:Δ=5.70e-3,exit_err=4.96e-2,hit=0,it=0.0,c=0.00,h=2.03e0,exit=0/0/128,band=3.0e-2 | s3:Δ=5.34e-1,exit_err=5.12e-2,hit=128,it=20.0,c=1.00,h=2.07e0,exit=0/0/128,band=3.0e-2[0m
[ASSOC-BWD-STEP] s0: val_rms=4.082e-1 score_grad_max=5.460e3 wq_step_max=0.000e0 wk_step_max=0.000e0 alpha_grad_max=3.128e-4 key_grad_sum=1.520e5 gprev_sum=7.599e4 write_mass=1.000e0
[ASSOC-BWD-STEP] s1: val_rms=2.122e-1 score_grad_max=4.692e3 wq_step_max=0.000e0 wk_step_max=0.000e0 alpha_grad_max=6.401e-5 key_grad_sum=2.803e5 gprev_sum=1.401e5 write_mass=1.000e0
[ASSOC-BWD-STEP] s2: val_rms=1.663e-1 score_grad_max=3.145e3 wq_step_max=0.000e0 wk_step_max=0.000e0 alpha_grad_max=6.118e-5 key_grad_sum=NaN gprev_sum=NaN write_mass=1.000e0
[ASSOC-BWD-STEP] s3: val_rms=9.023e-1 score_grad_max=7.189e3 wq_step_max=0.000e0 wk_step_max=0.000e0 alpha_grad_max=1.542e-4 key_grad_sum=NaN gprev_sum=NaN write_mass=1.000e0
    [90m[GPU-DEBUG] Step  7: hit= 12/16 ( 75.0%) contr=1.000 solve=4.248e2 rs_cg=0.0e0 iters=15.0 cap=12 damp=0.85 mode=NORMAL conv=OK tps=79.8 max_h=2.388202 sig/pre/fh/h=1.000e-3/1.001e0/1.000e0/1.000e0 attn=1.036e-3 attn/sig=1.036e0 attn_scale=1.380e0 i0_err=4.248e2 i1_err=5.409e-1 i0_a/s=1.036e0 i1_a/s=1.036e0 i0_sc=1.380e0 i1_sc=1.380e0 imax_err=0@tok=0 imax_a=0@tok=0 nscale_max=1.000e0 pre/h=1.438e0 fh/h=7.185e2[0m
    [90m[FPM-STEP] status=OK err_h=4.248e2 exit_err_h=4.930e-2 exit_iter=20.00 err_M=1.000e0 z_max=0.183 z_avg=0.180 u2v_max=1.319e1 memctx_rms=1.736e-7 memctx/sig=3.928e-3 dead=16 sat=0 rescue=0/0 pre_rescue=0 eps=1.000e-4 a_m=0.010 tau=0.50[0m
    [90m[GPU-SLOTS] s0:Δ=5.41e-1,exit_err=4.42e-2,hit=4,it=20.0,c=1.00,h=2.39e0,exit=0/0/4,band=3.0e-2 | s1:Δ=5.34e-1,exit_err=5.44e-2,hit=4,it=20.0,c=0.00,h=2.33e-3,exit=0/0/4,band=3.0e-2 | s2:Δ=-8.57e-5,exit_err=4.42e-2,hit=0,it=-0.0,c=0.00,h=2.39e0,exit=0/0/4,band=3.0e-2 | s3:Δ=5.34e-1,exit_err=5.45e-2,hit=4,it=20.0,c=1.00,h=2.33e0,exit=0/0/4,band=3.0e-2[0m
    [90m[GPU-TOKENS] t00 h=0.000e0 v=0.000e0 a=0.000e0 t01 h=0.000e0 v=0.000e0 a=0.000e0 t02 h=0.000e0 v=0.000e0 a=0.000e0 t03 h=0.000e0 v=0.000e0 a=0.000e0[0m
[ASSOC-BWD-STEP] s0: val_rms=4.117e-1 score_grad_max=0.000e0 wq_step_max=0.000e0 wk_step_max=0.000e0 alpha_grad_max=7.655e-5 key_grad_sum=0.000e0 gprev_sum=0.000e0 write_mass=3.000e0
[ASSOC-BWD-STEP] s1: val_rms=2.198e-1 score_grad_max=0.000e0 wq_step_max=0.000e0 wk_step_max=0.000e0 alpha_grad_max=4.793e-5 key_grad_sum=0.000e0 gprev_sum=0.000e0 write_mass=3.000e0
[ASSOC-BWD-STEP] s2: val_rms=1.727e-1 score_grad_max=0.000e0 wq_step_max=0.000e0 wk_step_max=0.000e0 alpha_grad_max=1.658e-5 key_grad_sum=0.000e0 gprev_sum=0.000e0 write_mass=3.000e0
[ASSOC-BWD-STEP] s3: val_rms=9.249e-1 score_grad_max=0.000e0 wq_step_max=0.000e0 wk_step_max=0.000e0 alpha_grad_max=1.082e-4 key_grad_sum=0.000e0 gprev_sum=0.000e0 write_mass=3.000e0
    [90m[GPU-DEBUG] Step  8: hit= 12/16 ( 75.0%) contr=1.000 solve=4.248e2 rs_cg=0.0e0 iters=15.0 cap=12 damp=0.85 mode=NORMAL conv=OK tps=15.4 max_h=2.387874 sig/pre/fh/h=1.000e-3/1.001e0/1.000e0/1.000e0 attn=1.036e-3 attn/sig=1.036e0 attn_scale=1.380e0 i0_err=4.248e2 i1_err=5.409e-1 i0_a/s=1.036e0 i1_a/s=1.036e0 i0_sc=1.380e0 i1_sc=1.380e0 imax_err=0@tok=0 imax_a=0@tok=0 nscale_max=1.000e0 pre/h=1.438e0 fh/h=7.185e2[0m
    [90m[FPM-STEP] status=OK err_h=4.248e2 exit_err_h=4.927e-2 exit_iter=20.00 err_M=1.000e0 z_max=0.183 z_avg=0.180 u2v_max=1.319e1 memctx_rms=1.731e-7 memctx/sig=3.918e-3 dead=16 sat=0 rescue=0/0 pre_rescue=0 eps=1.000e-4 a_m=0.010 tau=0.50[0m
    [90m[GPU-SLOTS] s0:Δ=5.41e-1,exit_err=4.42e-2,hit=4,it=20.0,c=1.00,h=2.39e0,exit=0/0/4,band=3.0e-2 | s1:Δ=5.34e-1,exit_err=5.44e-2,hit=4,it=20.0,c=0.00,h=3.46e-8,exit=0/0/4,band=3.0e-2 | s2:Δ=2.22e-7,exit_err=4.41e-2,hit=0,it=0.0,c=0.00,h=2.39e0,exit=0/0/4,band=3.0e-2 | s3:Δ=5.34e-1,exit_err=5.44e-2,hit=4,it=20.0,c=1.00,h=2.33e0,exit=0/0/4,band=3.0e-2[0m
    [90m[GPU-TOKENS] t00 h=0.000e0 v=0.000e0 a=0.000e0 t01 h=0.000e0 v=0.000e0 a=0.000e0 t02 h=0.000e0 v=0.000e0 a=0.000e0 t03 h=0.000e0 v=0.000e0 a=0.000e0[0m
[ASSOC-BWD-STEP] s0: val_rms=2.024e-1 score_grad_max=2.097e3 wq_step_max=0.000e0 wk_step_max=0.000e0 alpha_grad_max=6.693e-6 key_grad_sum=NaN gprev_sum=NaN write_mass=4.000e0
[ASSOC-BWD-STEP] s1: val_rms=1.660e-1 score_grad_max=2.214e0 wq_step_max=0.000e0 wk_step_max=0.000e0 alpha_grad_max=5.474e-6 key_grad_sum=NaN gprev_sum=NaN write_mass=4.000e0
[ASSOC-BWD-STEP] s2: val_rms=1.643e-1 score_grad_max=2.214e0 wq_step_max=0.000e0 wk_step_max=0.000e0 alpha_grad_max=5.474e-6 key_grad_sum=NaN gprev_sum=NaN write_mass=4.000e0
[ASSOC-BWD-STEP] s3: val_rms=4.968e-1 score_grad_max=2.005e3 wq_step_max=0.000e0 wk_step_max=0.000e0 alpha_grad_max=1.276e-5 key_grad_sum=NaN gprev_sum=NaN write_mass=4.000e0
    [90m[GPU-DEBUG] Step  9: hit=204/272 ( 75.0%) contr=1.000 solve=4.248e2 rs_cg=0.0e0 iters=15.0 cap=12 damp=0.85 mode=NORMAL conv=OK tps=210.3 max_h=2.142594 sig/pre/fh/h=1.000e-3/1.001e0/1.000e0/1.000e0 attn=1.036e-3 attn/sig=1.036e0 attn_scale=1.380e0 i0_err=4.248e2 i1_err=5.409e-1 i0_a/s=1.036e0 i1_a/s=1.036e0 i0_sc=1.380e0 i1_sc=1.380e0 imax_err=0@tok=0 imax_a=0@tok=0 nscale_max=1.000e0 pre/h=1.438e0 fh/h=7.185e2[0m
    [90m[FPM-STEP] status=OK err_h=4.248e2 exit_err_h=5.000e-2 exit_iter=20.00 err_M=1.000e0 z_max=0.183 z_avg=0.180 u2v_max=1.319e1 memctx_rms=1.735e-7 memctx/sig=3.925e-3 dead=272 sat=0 rescue=0/0 pre_rescue=0 eps=1.000e-4 a_m=0.010 tau=0.50[0m
    [90m[GPU-SLOTS] s0:Δ=5.41e-1,exit_err=4.77e-2,hit=68,it=20.0,c=1.00,h=2.08e0,exit=0/0/68,band=3.0e-2 | s1:Δ=5.34e-1,exit_err=5.23e-2,hit=68,it=20.0,c=0.00,h=-2.65e-2,exit=0/0/68,band=3.0e-2 | s2:Δ=1.11e-2,exit_err=4.77e-2,hit=0,it=0.0,c=0.00,h=2.08e0,exit=0/0/68,band=3.0e-2 | s3:Δ=5.34e-1,exit_err=5.23e-2,hit=68,it=20.0,c=1.00,h=2.14e0,exit=0/0/68,band=3.0e-2[0m
[ASSOC-BWD-STEP] s0: val_rms=0.000e0 score_grad_max=0.000e0 wq_step_max=0.000e0 wk_step_max=0.000e0 alpha_grad_max=0.000e0 key_grad_sum=NaN gprev_sum=NaN write_mass=4.000e0
[ASSOC-BWD-STEP] s1: val_rms=0.000e0 score_grad_max=0.000e0 wq_step_max=0.000e0 wk_step_max=0.000e0 alpha_grad_max=0.000e0 key_grad_sum=NaN gprev_sum=NaN write_mass=4.000e0
[ASSOC-BWD-STEP] s2: val_rms=0.000e0 score_grad_max=0.000e0 wq_step_max=0.000e0 wk_step_max=0.000e0 alpha_grad_max=0.000e0 key_grad_sum=NaN gprev_sum=NaN write_mass=4.000e0
[ASSOC-BWD-STEP] s3: val_rms=0.000e0 score_grad_max=0.000e0 wq_step_max=0.000e0 wk_step_max=0.000e0 alpha_grad_max=0.000e0 key_grad_sum=NaN gprev_sum=NaN write_mass=4.000e0
    [90m[GPU-DEBUG] Step 10: hit=384/512 ( 75.0%) contr=1.000 solve=4.248e2 rs_cg=0.0e0 iters=15.0 cap=12 damp=0.85 mode=NORMAL conv=OK tps=220.5 max_h=2.068402 sig/pre/fh/h=1.000e-3/1.001e0/1.000e0/1.000e0 attn=1.036e-3 attn/sig=1.036e0 attn_scale=1.380e0 i0_err=4.248e2 i1_err=5.409e-1 i0_a/s=1.036e0 i1_a/s=1.036e0 i0_sc=1.380e0 i1_sc=1.380e0 imax_err=0@tok=0 imax_a=0@tok=0 nscale_max=1.000e0 pre/h=1.438e0 fh/h=7.185e2[0m
    [90m[FPM-STEP] status=OK err_h=4.248e2 exit_err_h=5.029e-2 exit_iter=19.98 err_M=1.000e0 z_max=0.183 z_avg=0.180 u2v_max=1.319e1 memctx_rms=1.742e-7 memctx/sig=3.942e-3 dead=512 sat=0 rescue=0/0 pre_rescue=1 eps=1.000e-4 a_m=0.010 tau=0.50[0m
    [90m[GPU-SLOTS] s0:Δ=5.41e-1,exit_err=4.96e-2,hit=128,it=20.0,c=1.00,h=2.03e0,exit=0/0/128,band=3.0e-2 | s1:Δ=5.34e-1,exit_err=5.12e-2,hit=128,it=20.0,c=0.01,h=-1.57e-1,exit=0/0/128,band=3.0e-2 | s2:Δ=6.46e-3,exit_err=4.92e-2,hit=0,it=0.0,c=0.00,h=2.03e0,exit=1/0/127,band=3.0e-2 | s3:Δ=5.34e-1,exit_err=5.12e-2,hit=128,it=20.0,c=1.00,h=2.07e0,exit=0/0/128,band=3.0e-2[0m
[ASSOC-BWD-STEP] s0: val_rms=3.644e-1 score_grad_max=1.310e3 wq_step_max=0.000e0 wk_step_max=0.000e0 alpha_grad_max=4.172e-5 key_grad_sum=5.852e4 gprev_sum=2.926e4 write_mass=1.000e0
[ASSOC-BWD-STEP] s1: val_rms=1.912e-1 score_grad_max=1.795e3 wq_step_max=0.000e0 wk_step_max=0.000e0 alpha_grad_max=1.022e-4 key_grad_sum=1.073e5 gprev_sum=5.363e4 write_mass=1.000e0
[ASSOC-BWD-STEP] s2: val_rms=1.526e-1 score_grad_max=1.253e3 wq_step_max=0.000e0 wk_step_max=0.000e0 alpha_grad_max=4.820e-5 key_grad_sum=NaN gprev_sum=NaN write_mass=1.000e0
[ASSOC-BWD-STEP] s3: val_rms=8.136e-1 score_grad_max=2.694e3 wq_step_max=0.000e0 wk_step_max=0.000e0 alpha_grad_max=1.173e-4 key_grad_sum=NaN gprev_sum=NaN write_mass=1.000e0
    [90m[GPU-DEBUG] Step 11: hit= 12/16 ( 75.0%) contr=1.000 solve=4.248e2 rs_cg=0.0e0 iters=15.0 cap=12 damp=0.85 mode=NORMAL conv=OK tps=80.6 max_h=2.394900 sig/pre/fh/h=1.000e-3/1.001e0/1.000e0/1.000e0 attn=1.036e-3 attn/sig=1.036e0 attn_scale=1.380e0 i0_err=4.248e2 i1_err=5.409e-1 i0_a/s=1.036e0 i1_a/s=1.036e0 i0_sc=1.380e0 i1_sc=1.380e0 imax_err=0@tok=0 imax_a=0@tok=0 nscale_max=1.000e0 pre/h=1.438e0 fh/h=7.185e2[0m
    [90m[FPM-STEP] status=OK err_h=4.248e2 exit_err_h=4.919e-2 exit_iter=20.00 err_M=1.000e0 z_max=0.183 z_avg=0.180 u2v_max=1.319e1 memctx_rms=1.742e-7 memctx/sig=3.943e-3 dead=16 sat=0 rescue=0/0 pre_rescue=0 eps=1.000e-4 a_m=0.010 tau=0.50[0m
    [90m[GPU-SLOTS] s0:Δ=5.41e-1,exit_err=4.42e-2,hit=4,it=20.0,c=1.00,h=2.39e0,exit=0/0/4,band=3.0e-2 | s1:Δ=5.34e-1,exit_err=5.44e-2,hit=4,it=20.0,c=-0.00,h=8.23e-4,exit=0/0/4,band=3.0e-2 | s2:Δ=-1.23e-4,exit_err=4.40e-2,hit=0,it=0.0,c=0.00,h=2.39e0,exit=0/0/4,band=3.0e-2 | s3:Δ=5.34e-1,exit_err=5.42e-2,hit=4,it=20.0,c=1.00,h=2.33e0,exit=0/0/4,band=3.0e-2[0m
    [90m[GPU-TOKENS] t00 h=0.000e0 v=0.000e0 a=0.000e0 t01 h=0.000e0 v=0.000e0 a=0.000e0 t02 h=0.000e0 v=0.000e0 a=0.000e0 t03 h=0.000e0 v=0.000e0 a=0.000e0[0m
[ASSOC-BWD-STEP] s0: val_rms=0.000e0 score_grad_max=0.000e0 wq_step_max=0.000e0 wk_step_max=0.000e0 alpha_grad_max=0.000e0 key_grad_sum=NaN gprev_sum=NaN write_mass=4.000e0
[ASSOC-BWD-STEP] s1: val_rms=0.000e0 score_grad_max=0.000e0 wq_step_max=0.000e0 wk_step_max=0.000e0 alpha_grad_max=0.000e0 key_grad_sum=NaN gprev_sum=NaN write_mass=4.000e0
[ASSOC-BWD-STEP] s2: val_rms=0.000e0 score_grad_max=0.000e0 wq_step_max=0.000e0 wk_step_max=0.000e0 alpha_grad_max=0.000e0 key_grad_sum=NaN gprev_sum=NaN write_mass=4.000e0
[ASSOC-BWD-STEP] s3: val_rms=0.000e0 score_grad_max=0.000e0 wq_step_max=0.000e0 wk_step_max=0.000e0 alpha_grad_max=0.000e0 key_grad_sum=NaN gprev_sum=NaN write_mass=4.000e0
    [90m[GPU-DEBUG] Step 12: hit=384/512 ( 75.0%) contr=1.000 solve=4.248e2 rs_cg=0.0e0 iters=15.0 cap=12 damp=0.85 mode=NORMAL conv=OK tps=161.7 max_h=2.068753 sig/pre/fh/h=1.000e-3/1.001e0/1.000e0/1.000e0 attn=1.036e-3 attn/sig=1.036e0 attn_scale=1.380e0 i0_err=4.248e2 i1_err=5.409e-1 i0_a/s=1.036e0 i1_a/s=1.036e0 i0_sc=1.380e0 i1_sc=1.380e0 imax_err=0@tok=0 imax_a=0@tok=0 nscale_max=1.000e0 pre/h=1.438e0 fh/h=7.185e2[0m
    [90m[FPM-STEP] status=OK err_h=4.248e2 exit_err_h=5.029e-2 exit_iter=19.98 err_M=1.000e0 z_max=0.183 z_avg=0.180 u2v_max=1.319e1 memctx_rms=1.742e-7 memctx/sig=3.941e-3 dead=512 sat=0 rescue=0/0 pre_rescue=1 eps=1.000e-4 a_m=0.010 tau=0.50[0m
    [90m[GPU-SLOTS] s0:Δ=5.41e-1,exit_err=4.96e-2,hit=128,it=20.0,c=1.00,h=2.03e0,exit=0/0/128,band=3.0e-2 | s1:Δ=5.34e-1,exit_err=5.12e-2,hit=128,it=20.0,c=-0.00,h=2.80e-2,exit=0/0/128,band=3.0e-2 | s2:Δ=-5.21e-3,exit_err=4.92e-2,hit=0,it=0.0,c=0.00,h=2.03e0,exit=1/0/127,band=3.0e-2 | s3:Δ=5.34e-1,exit_err=5.12e-2,hit=128,it=20.0,c=1.00,h=2.07e0,exit=0/0/128,band=3.0e-2[0m
[ASSOC-BWD-STEP] s0: val_rms=0.000e0 score_grad_max=0.000e0 wq_step_max=0.000e0 wk_step_max=0.000e0 alpha_grad_max=0.000e0 key_grad_sum=NaN gprev_sum=NaN write_mass=1.000e0
[ASSOC-BWD-STEP] s1: val_rms=0.000e0 score_grad_max=0.000e0 wq_step_max=0.000e0 wk_step_max=0.000e0 alpha_grad_max=0.000e0 key_grad_sum=NaN gprev_sum=NaN write_mass=1.000e0
[ASSOC-BWD-STEP] s2: val_rms=0.000e0 score_grad_max=0.000e0 wq_step_max=0.000e0 wk_step_max=0.000e0 alpha_grad_max=0.000e0 key_grad_sum=NaN gprev_sum=NaN write_mass=1.000e0
[ASSOC-BWD-STEP] s3: val_rms=0.000e0 score_grad_max=0.000e0 wq_step_max=0.000e0 wk_step_max=0.000e0 alpha_grad_max=0.000e0 key_grad_sum=NaN gprev_sum=NaN write_mass=1.000e0
    [90m[GPU-DEBUG] Step 13: hit=384/512 ( 75.0%) contr=1.000 solve=4.248e2 rs_cg=0.0e0 iters=15.0 cap=12 damp=0.85 mode=NORMAL conv=OK tps=223.0 max_h=2.066332 sig/pre/fh/h=1.000e-3/1.001e0/1.000e0/1.000e0 attn=1.036e-3 attn/sig=1.036e0 attn_scale=1.380e0 i0_err=4.248e2 i1_err=5.409e-1 i0_a/s=1.036e0 i1_a/s=1.036e0 i0_sc=1.380e0 i1_sc=1.380e0 imax_err=0@tok=0 imax_a=0@tok=0 nscale_max=1.000e0 pre/h=1.438e0 fh/h=7.185e2[0m
    [90m[FPM-STEP] status=OK err_h=4.248e2 exit_err_h=5.040e-2 exit_iter=20.00 err_M=1.000e0 z_max=0.183 z_avg=0.180 u2v_max=1.319e1 memctx_rms=1.736e-7 memctx/sig=3.929e-3 dead=512 sat=0 rescue=0/0 pre_rescue=0 eps=1.000e-4 a_m=0.010 tau=0.50[0m
    [90m[GPU-SLOTS] s0:Δ=5.41e-1,exit_err=4.96e-2,hit=128,it=20.0,c=1.00,h=2.03e0,exit=0/0/128,band=3.0e-2 | s1:Δ=5.34e-1,exit_err=5.13e-2,hit=128,it=20.0,c=-0.00,h=-2.19e-2,exit=0/0/128,band=3.0e-2 | s2:Δ=-5.07e-3,exit_err=4.96e-2,hit=0,it=0.0,c=0.00,h=2.03e0,exit=0/0/128,band=3.0e-2 | s3:Δ=5.34e-1,exit_err=5.12e-2,hit=128,it=20.0,c=1.00,h=2.07e0,exit=0/0/128,band=3.0e-2[0m
[ASSOC-BWD-STEP] s0: val_rms=3.997e-1 score_grad_max=7.575e3 wq_step_max=0.000e0 wk_step_max=0.000e0 alpha_grad_max=1.080e-4 key_grad_sum=5.855e4 gprev_sum=2.928e4 write_mass=1.000e0
[ASSOC-BWD-STEP] s1: val_rms=2.081e-1 score_grad_max=2.820e3 wq_step_max=0.000e0 wk_step_max=0.000e0 alpha_grad_max=3.342e-5 key_grad_sum=1.236e5 gprev_sum=6.180e4 write_mass=1.000e0
[ASSOC-BWD-STEP] s2: val_rms=1.660e-1 score_grad_max=3.190e3 wq_step_max=0.000e0 wk_step_max=0.000e0 alpha_grad_max=1.810e-5 key_grad_sum=NaN gprev_sum=NaN write_mass=1.000e0
[ASSOC-BWD-STEP] s3: val_rms=8.886e-1 score_grad_max=7.033e3 wq_step_max=8.007e-9 wk_step_max=0.000e0 alpha_grad_max=3.992e-5 key_grad_sum=NaN gprev_sum=NaN write_mass=1.000e0
    [90m[GPU-DEBUG] Step 14: hit= 12/16 ( 75.0%) contr=1.000 solve=4.248e2 rs_cg=0.0e0 iters=15.0 cap=12 damp=0.85 mode=NORMAL conv=OK tps=78.3 max_h=2.387295 sig/pre/fh/h=1.000e-3/1.001e0/1.000e0/1.000e0 attn=1.036e-3 attn/sig=1.036e0 attn_scale=1.380e0 i0_err=4.248e2 i1_err=5.409e-1 i0_a/s=1.036e0 i1_a/s=1.036e0 i0_sc=1.380e0 i1_sc=1.380e0 imax_err=0@tok=0 imax_a=0@tok=0 nscale_max=1.000e0 pre/h=1.438e0 fh/h=7.185e2[0m
    [90m[FPM-STEP] status=OK err_h=4.248e2 exit_err_h=4.928e-2 exit_iter=20.00 err_M=1.000e0 z_max=0.183 z_avg=0.180 u2v_max=1.319e1 memctx_rms=1.748e-7 memctx/sig=3.954e-3 dead=16 sat=0 rescue=0/0 pre_rescue=0 eps=1.000e-4 a_m=0.010 tau=0.50[0m
    [90m[GPU-SLOTS] s0:Δ=5.41e-1,exit_err=4.42e-2,hit=4,it=20.0,c=1.00,h=2.39e0,exit=0/0/4,band=3.0e-2 | s1:Δ=5.34e-1,exit_err=5.44e-2,hit=4,it=20.0,c=-0.00,h=-1.97e-4,exit=0/0/4,band=3.0e-2 | s2:Δ=-1.71e-4,exit_err=4.41e-2,hit=0,it=0.0,c=0.00,h=2.39e0,exit=0/0/4,band=3.0e-2 | s3:Δ=5.34e-1,exit_err=5.44e-2,hit=4,it=20.0,c=1.00,h=2.33e0,exit=0/0/4,band=3.0e-2[0m
    [90m[GPU-TOKENS] t00 h=0.000e0 v=0.000e0 a=0.000e0 t01 h=0.000e0 v=0.000e0 a=0.000e0 t02 h=0.000e0 v=0.000e0 a=0.000e0 t03 h=0.000e0 v=0.000e0 a=0.000e0[0m
[ASSOC-BWD-STEP] s0: val_rms=3.922e-1 score_grad_max=0.000e0 wq_step_max=0.000e0 wk_step_max=0.000e0 alpha_grad_max=7.147e-5 key_grad_sum=0.000e0 gprev_sum=0.000e0 write_mass=3.000e0
[ASSOC-BWD-STEP] s1: val_rms=2.092e-1 score_grad_max=0.000e0 wq_step_max=0.000e0 wk_step_max=0.000e0 alpha_grad_max=4.192e-5 key_grad_sum=0.000e0 gprev_sum=0.000e0 write_mass=3.000e0
[ASSOC-BWD-STEP] s2: val_rms=1.621e-1 score_grad_max=0.000e0 wq_step_max=0.000e0 wk_step_max=0.000e0 alpha_grad_max=8.879e-6 key_grad_sum=0.000e0 gprev_sum=0.000e0 write_mass=3.000e0
[ASSOC-BWD-STEP] s3: val_rms=8.777e-1 score_grad_max=0.000e0 wq_step_max=0.000e0 wk_step_max=0.000e0 alpha_grad_max=1.034e-4 key_grad_sum=0.000e0 gprev_sum=0.000e0 write_mass=3.000e0
    [90m[GPU-DEBUG] Step 15: hit= 12/16 ( 75.0%) contr=1.000 solve=4.248e2 rs_cg=0.0e0 iters=15.0 cap=12 damp=0.85 mode=NORMAL conv=OK tps=80.1 max_h=2.387398 sig/pre/fh/h=1.000e-3/1.001e0/1.000e0/1.000e0 attn=1.036e-3 attn/sig=1.036e0 attn_scale=1.380e0 i0_err=4.248e2 i1_err=5.409e-1 i0_a/s=1.036e0 i1_a/s=1.036e0 i0_sc=1.380e0 i1_sc=1.380e0 imax_err=0@tok=0 imax_a=0@tok=0 nscale_max=1.000e0 pre/h=1.438e0 fh/h=7.185e2[0m
    [90m[FPM-STEP] status=OK err_h=4.248e2 exit_err_h=4.927e-2 exit_iter=20.00 err_M=1.000e0 z_max=0.183 z_avg=0.180 u2v_max=1.319e1 memctx_rms=1.742e-7 memctx/sig=3.942e-3 dead=16 sat=0 rescue=0/0 pre_rescue=0 eps=1.000e-4 a_m=0.010 tau=0.50[0m
    [90m[GPU-SLOTS] s0:Δ=5.41e-1,exit_err=4.42e-2,hit=4,it=20.0,c=1.00,h=2.39e0,exit=0/0/4,band=3.0e-2 | s1:Δ=5.34e-1,exit_err=5.44e-2,hit=4,it=20.0,c=0.00,h=3.45e-8,exit=0/0/4,band=3.0e-2 | s2:Δ=2.65e-7,exit_err=4.41e-2,hit=0,it=0.0,c=0.00,h=2.39e0,exit=0/0/4,band=3.0e-2 | s3:Δ=5.34e-1,exit_err=5.44e-2,hit=4,it=20.0,c=1.00,h=2.33e0,exit=0/0/4,band=3.0e-2[0m
    [90m[GPU-TOKENS] t00 h=0.000e0 v=0.000e0 a=0.000e0 t01 h=0.000e0 v=0.000e0 a=0.000e0 t02 h=0.000e0 v=0.000e0 a=0.000e0 t03 h=0.000e0 v=0.000e0 a=0.000e0[0m
[ASSOC-BWD-STEP] s0: val_rms=2.326e-1 score_grad_max=1.373e0 wq_step_max=0.000e0 wk_step_max=0.000e0 alpha_grad_max=1.280e-7 key_grad_sum=NaN gprev_sum=NaN write_mass=4.000e0
[ASSOC-BWD-STEP] s1: val_rms=1.902e-1 score_grad_max=1.141e0 wq_step_max=0.000e0 wk_step_max=0.000e0 alpha_grad_max=1.727e-7 key_grad_sum=NaN gprev_sum=NaN write_mass=4.000e0
[ASSOC-BWD-STEP] s2: val_rms=1.912e-1 score_grad_max=1.141e0 wq_step_max=0.000e0 wk_step_max=0.000e0 alpha_grad_max=5.078e-8 key_grad_sum=NaN gprev_sum=NaN write_mass=4.000e0
[ASSOC-BWD-STEP] s3: val_rms=5.642e-1 score_grad_max=1.068e3 wq_step_max=0.000e0 wk_step_max=0.000e0 alpha_grad_max=4.883e-7 key_grad_sum=NaN gprev_sum=NaN write_mass=4.000e0
    [90m[GPU-DEBUG] Step 16: hit=204/272 ( 75.0%) contr=1.000 solve=4.248e2 rs_cg=0.0e0 iters=15.0 cap=12 damp=0.85 mode=NORMAL conv=OK tps=125.5 max_h=2.142907 sig/pre/fh/h=1.000e-3/1.001e0/1.000e0/1.000e0 attn=1.036e-3 attn/sig=1.036e0 attn_scale=1.380e0 i0_err=4.248e2 i1_err=5.409e-1 i0_a/s=1.036e0 i1_a/s=1.036e0 i0_sc=1.380e0 i1_sc=1.380e0 imax_err=0@tok=0 imax_a=0@tok=0 nscale_max=1.000e0 pre/h=1.438e0 fh/h=7.185e2[0m
    [90m[FPM-STEP] status=OK err_h=4.248e2 exit_err_h=4.999e-2 exit_iter=20.00 err_M=1.000e0 z_max=0.183 z_avg=0.180 u2v_max=1.319e1 memctx_rms=1.735e-7 memctx/sig=3.925e-3 dead=272 sat=0 rescue=0/0 pre_rescue=0 eps=1.000e-4 a_m=0.010 tau=0.50[0m
    [90m[GPU-SLOTS] s0:Δ=5.41e-1,exit_err=4.77e-2,hit=68,it=20.0,c=1.00,h=2.08e0,exit=0/0/68,band=3.0e-2 | s1:Δ=5.34e-1,exit_err=5.23e-2,hit=68,it=20.0,c=0.00,h=2.90e-3,exit=0/0/68,band=3.0e-2 | s2:Δ=-7.32e-4,exit_err=4.77e-2,hit=0,it=0.0,c=0.00,h=2.08e0,exit=0/0/68,band=3.0e-2 | s3:Δ=5.34e-1,exit_err=5.23e-2,hit=68,it=20.0,c=1.00,h=2.14e0,exit=0/0/68,band=3.0e-2[0m
[ASSOC-BWD-STEP] s0: val_rms=0.000e0 score_grad_max=0.000e0 wq_step_max=0.000e0 wk_step_max=0.000e0 alpha_grad_max=0.000e0 key_grad_sum=NaN gprev_sum=NaN write_mass=4.000e0
[ASSOC-BWD-STEP] s1: val_rms=0.000e0 score_grad_max=0.000e0 wq_step_max=0.000e0 wk_step_max=0.000e0 alpha_grad_max=0.000e0 key_grad_sum=NaN gprev_sum=NaN write_mass=4.000e0
[ASSOC-BWD-STEP] s2: val_rms=0.000e0 score_grad_max=0.000e0 wq_step_max=0.000e0 wk_step_max=0.000e0 alpha_grad_max=0.000e0 key_grad_sum=NaN gprev_sum=NaN write_mass=4.000e0
[ASSOC-BWD-STEP] s3: val_rms=0.000e0 score_grad_max=0.000e0 wq_step_max=0.000e0 wk_step_max=0.000e0 alpha_grad_max=0.000e0 key_grad_sum=NaN gprev_sum=NaN write_mass=4.000e0
    [90m[GPU-DEBUG] Step 17: hit=382/512 ( 75.0%) contr=1.000 solve=4.248e2 rs_cg=0.0e0 iters=15.0 cap=12 damp=0.85 mode=NORMAL conv=OK tps=219.5 max_h=2.068544 sig/pre/fh/h=1.000e-3/1.001e0/1.000e0/1.000e0 attn=1.036e-3 attn/sig=1.036e0 attn_scale=1.380e0 i0_err=4.248e2 i1_err=5.409e-1 i0_a/s=1.036e0 i1_a/s=1.036e0 i0_sc=1.380e0 i1_sc=1.380e0 imax_err=0@tok=0 imax_a=0@tok=0 nscale_max=1.000e0 pre/h=1.438e0 fh/h=7.185e2[0m
    [90m[FPM-STEP] status=OK err_h=4.248e2 exit_err_h=5.020e-2 exit_iter=19.99 err_M=1.000e0 z_max=0.183 z_avg=0.180 u2v_max=1.319e1 memctx_rms=1.743e-7 memctx/sig=3.944e-3 dead=512 sat=0 rescue=0/0 pre_rescue=2 eps=1.000e-4 a_m=0.010 tau=0.50[0m
    [90m[GPU-SLOTS] s0:Δ=5.41e-1,exit_err=4.92e-2,hit=127,it=20.0,c=1.00,h=2.03e0,exit=1/0/127,band=3.0e-2 | s1:Δ=5.34e-1,exit_err=5.09e-2,hit=127,it=20.0,c=0.02,h=-1.27e-1,exit=1/0/127,band=3.0e-2 | s2:Δ=-4.50e-3,exit_err=4.96e-2,hit=0,it=0.0,c=0.00,h=2.03e0,exit=0/0/128,band=3.0e-2 | s3:Δ=5.34e-1,exit_err=5.12e-2,hit=128,it=20.0,c=1.00,h=2.07e0,exit=0/0/128,band=3.0e-2[0m
[ASSOC-BWD-STEP] s0: val_rms=3.893e-1 score_grad_max=1.297e3 wq_step_max=0.000e0 wk_step_max=0.000e0 alpha_grad_max=4.846e-4 key_grad_sum=5.719e4 gprev_sum=2.859e4 write_mass=1.000e0
[ASSOC-BWD-STEP] s1: val_rms=2.061e-1 score_grad_max=1.854e3 wq_step_max=0.000e0 wk_step_max=0.000e0 alpha_grad_max=1.533e-4 key_grad_sum=1.107e5 gprev_sum=5.537e4 write_mass=1.000e0
[ASSOC-BWD-STEP] s2: val_rms=1.600e-1 score_grad_max=1.301e3 wq_step_max=0.000e0 wk_step_max=0.000e0 alpha_grad_max=1.857e-4 key_grad_sum=NaN gprev_sum=NaN write_mass=1.000e0
[ASSOC-BWD-STEP] s3: val_rms=8.689e-1 score_grad_max=2.874e3 wq_step_max=0.000e0 wk_step_max=0.000e0 alpha_grad_max=4.726e-4 key_grad_sum=NaN gprev_sum=NaN write_mass=1.000e0
    [90m[GPU-DEBUG] Step 18: hit= 12/16 ( 74.6%) contr=1.000 solve=4.248e2 rs_cg=0.0e0 iters=15.0 cap=12 damp=0.85 mode=NORMAL conv=OK tps=81.8 max_h=2.387987 sig/pre/fh/h=1.000e-3/1.001e0/1.000e0/1.000e0 attn=1.036e-3 attn/sig=1.036e0 attn_scale=1.380e0 i0_err=4.248e2 i1_err=5.409e-1 i0_a/s=1.036e0 i1_a/s=1.036e0 i0_sc=1.380e0 i1_sc=1.380e0 imax_err=0@tok=0 imax_a=0@tok=0 nscale_max=1.000e0 pre/h=1.438e0 fh/h=7.185e2[0m
    [90m[FPM-STEP] status=OK err_h=4.248e2 exit_err_h=4.928e-2 exit_iter=20.00 err_M=1.000e0 z_max=0.183 z_avg=0.180 u2v_max=1.319e1 memctx_rms=1.741e-7 memctx/sig=3.940e-3 dead=16 sat=0 rescue=0/0 pre_rescue=0 eps=1.000e-4 a_m=0.010 tau=0.50[0m
    [90m[GPU-SLOTS] s0:Δ=5.41e-1,exit_err=4.42e-2,hit=4,it=20.0,c=1.00,h=2.39e0,exit=0/0/4,band=3.0e-2 | s1:Δ=5.34e-1,exit_err=5.44e-2,hit=4,it=20.0,c=-0.00,h=2.62e-3,exit=0/0/4,band=3.0e-2 | s2:Δ=8.15e-6,exit_err=4.41e-2,hit=0,it=0.0,c=0.00,h=2.39e0,exit=0/0/4,band=3.0e-2 | s3:Δ=5.34e-1,exit_err=5.44e-2,hit=4,it=20.0,c=1.00,h=2.33e0,exit=0/0/4,band=3.0e-2[0m
    [90m[GPU-TOKENS] t00 h=0.000e0 v=0.000e0 a=0.000e0 t01 h=0.000e0 v=0.000e0 a=0.000e0 t02 h=0.000e0 v=0.000e0 a=0.000e0 t03 h=0.000e0 v=0.000e0 a=0.000e0[0m
[ASSOC-BWD-STEP] s0: val_rms=0.000e0 score_grad_max=0.000e0 wq_step_max=0.000e0 wk_step_max=0.000e0 alpha_grad_max=0.000e0 key_grad_sum=NaN gprev_sum=NaN write_mass=4.000e0
[ASSOC-BWD-STEP] s1: val_rms=0.000e0 score_grad_max=0.000e0 wq_step_max=0.000e0 wk_step_max=0.000e0 alpha_grad_max=0.000e0 key_grad_sum=NaN gprev_sum=NaN write_mass=4.000e0
[ASSOC-BWD-STEP] s2: val_rms=0.000e0 score_grad_max=0.000e0 wq_step_max=0.000e0 wk_step_max=0.000e0 alpha_grad_max=0.000e0 key_grad_sum=NaN gprev_sum=NaN write_mass=4.000e0
[ASSOC-BWD-STEP] s3: val_rms=0.000e0 score_grad_max=0.000e0 wq_step_max=0.000e0 wk_step_max=0.000e0 alpha_grad_max=0.000e0 key_grad_sum=NaN gprev_sum=NaN write_mass=4.000e0
    [90m[GPU-DEBUG] Step 19: hit=384/512 ( 75.0%) contr=1.000 solve=4.248e2 rs_cg=0.0e0 iters=15.0 cap=12 damp=0.85 mode=NORMAL conv=OK tps=221.3 max_h=2.068267 sig/pre/fh/h=1.000e-3/1.001e0/1.000e0/1.000e0 attn=1.036e-3 attn/sig=1.036e0 attn_scale=1.380e0 i0_err=4.248e2 i1_err=5.409e-1 i0_a/s=1.036e0 i1_a/s=1.036e0 i0_sc=1.380e0 i1_sc=1.380e0 imax_err=0@tok=0 imax_a=0@tok=0 nscale_max=1.000e0 pre/h=1.438e0 fh/h=7.185e2[0m
    [90m[FPM-STEP] status=OK err_h=4.248e2 exit_err_h=5.036e-2 exit_iter=20.00 err_M=1.000e0 z_max=0.183 z_avg=0.180 u2v_max=1.319e1 memctx_rms=1.739e-7 memctx/sig=3.935e-3 dead=512 sat=0 rescue=0/0 pre_rescue=0 eps=1.000e-4 a_m=0.010 tau=0.50[0m
    [90m[GPU-SLOTS] s0:Δ=5.41e-1,exit_err=4.96e-2,hit=128,it=20.0,c=1.00,h=2.03e0,exit=0/0/128,band=3.0e-2 | s1:Δ=5.34e-1,exit_err=5.12e-2,hit=128,it=20.0,c=-0.00,h=-1.83e-1,exit=0/0/128,band=3.0e-2 | s2:Δ=-6.95e-3,exit_err=4.95e-2,hit=0,it=0.0,c=0.00,h=2.03e0,exit=0/0/128,band=3.0e-2 | s3:Δ=5.34e-1,exit_err=5.11e-2,hit=128,it=20.0,c=1.00,h=2.07e0,exit=0/0/128,band=3.0e-2[0m
[ASSOC-BWD-STEP] s0: val_rms=0.000e0 score_grad_max=0.000e0 wq_step_max=0.000e0 wk_step_max=0.000e0 alpha_grad_max=0.000e0 key_grad_sum=NaN gprev_sum=NaN write_mass=1.000e0
[ASSOC-BWD-STEP] s1: val_rms=0.000e0 score_grad_max=0.000e0 wq_step_max=0.000e0 wk_step_max=0.000e0 alpha_grad_max=0.000e0 key_grad_sum=NaN gprev_sum=NaN write_mass=1.000e0
[ASSOC-BWD-STEP] s2: val_rms=0.000e0 score_grad_max=0.000e0 wq_step_max=0.000e0 wk_step_max=0.000e0 alpha_grad_max=0.000e0 key_grad_sum=NaN gprev_sum=NaN write_mass=1.000e0
[ASSOC-BWD-STEP] s3: val_rms=0.000e0 score_grad_max=0.000e0 wq_step_max=0.000e0 wk_step_max=0.000e0 alpha_grad_max=0.000e0 key_grad_sum=NaN gprev_sum=NaN write_mass=1.000e0
    [90m[GPU-DEBUG] Step 20: hit=382/512 ( 75.0%) contr=1.000 solve=4.248e2 rs_cg=0.0e0 iters=15.0 cap=12 damp=0.85 mode=NORMAL conv=OK tps=162.3 max_h=2.067508 sig/pre/fh/h=1.000e-3/1.001e0/1.000e0/1.000e0 attn=1.036e-3 attn/sig=1.036e0 attn_scale=1.380e0 i0_err=4.248e2 i1_err=5.409e-1 i0_a/s=1.036e0 i1_a/s=1.036e0 i0_sc=1.380e0 i1_sc=1.380e0 imax_err=0@tok=0 imax_a=0@tok=0 nscale_max=1.000e0 pre/h=1.438e0 fh/h=7.185e2[0m
    [90m[FPM-STEP] status=OK err_h=4.248e2 exit_err_h=5.019e-2 exit_iter=19.99 err_M=1.000e0 z_max=0.183 z_avg=0.180 u2v_max=1.319e1 memctx_rms=1.744e-7 memctx/sig=3.946e-3 dead=512 sat=0 rescue=0/0 pre_rescue=2 eps=1.000e-4 a_m=0.010 tau=0.50[0m
    [90m[GPU-SLOTS] s0:Δ=5.41e-1,exit_err=4.92e-2,hit=127,it=20.0,c=1.00,h=2.03e0,exit=1/0/127,band=3.0e-2 | s1:Δ=5.34e-1,exit_err=5.08e-2,hit=127,it=20.0,c=-0.00,h=-1.22e-2,exit=1/0/127,band=3.0e-2 | s2:Δ=-3.05e-3,exit_err=4.96e-2,hit=0,it=0.0,c=0.00,h=2.03e0,exit=0/0/128,band=3.0e-2 | s3:Δ=5.34e-1,exit_err=5.12e-2,hit=128,it=20.0,c=1.00,h=2.07e0,exit=0/0/128,band=3.0e-2[0m
[ASSOC-BWD-STEP] s0: val_rms=4.165e-1 score_grad_max=7.450e3 wq_step_max=0.000e0 wk_step_max=0.000e0 alpha_grad_max=1.746e-4 key_grad_sum=NaN gprev_sum=NaN write_mass=1.000e0
[ASSOC-BWD-STEP] s1: val_rms=2.212e-1 score_grad_max=5.104e3 wq_step_max=0.000e0 wk_step_max=0.000e0 alpha_grad_max=1.661e-4 key_grad_sum=3.004e5 gprev_sum=1.502e5 write_mass=1.000e0
[ASSOC-BWD-STEP] s2: val_rms=1.740e-1 score_grad_max=3.545e3 wq_step_max=0.000e0 wk_step_max=0.000e0 alpha_grad_max=1.217e-5 key_grad_sum=NaN gprev_sum=NaN write_mass=1.000e0
[ASSOC-BWD-STEP] s3: val_rms=9.336e-1 score_grad_max=8.009e3 wq_step_max=0.000e0 wk_step_max=0.000e0 alpha_grad_max=1.305e-5 key_grad_sum=NaN gprev_sum=NaN write_mass=1.000e0
    [90m[GPU-DEBUG] Step 21: hit= 12/16 ( 74.6%) contr=1.000 solve=4.248e2 rs_cg=0.0e0 iters=15.0 cap=12 damp=0.85 mode=NORMAL conv=OK tps=80.5 max_h=2.387978 sig/pre/fh/h=1.000e-3/1.001e0/1.000e0/1.000e0 attn=1.036e-3 attn/sig=1.036e0 attn_scale=1.380e0 i0_err=4.248e2 i1_err=5.409e-1 i0_a/s=1.036e0 i1_a/s=1.036e0 i0_sc=1.380e0 i1_sc=1.380e0 imax_err=0@tok=0 imax_a=0@tok=0 nscale_max=1.000e0 pre/h=1.438e0 fh/h=7.185e2[0m
    [90m[FPM-STEP] status=OK err_h=4.248e2 exit_err_h=4.927e-2 exit_iter=20.00 err_M=1.000e0 z_max=0.183 z_avg=0.180 u2v_max=1.319e1 memctx_rms=1.742e-7 memctx/sig=3.942e-3 dead=16 sat=0 rescue=0/0 pre_rescue=0 eps=1.000e-4 a_m=0.010 tau=0.50[0m
    [90m[GPU-SLOTS] s0:Δ=5.41e-1,exit_err=4.42e-2,hit=4,it=20.0,c=1.00,h=2.39e0,exit=0/0/4,band=3.0e-2 | s1:Δ=5.34e-1,exit_err=5.44e-2,hit=4,it=20.0,c=0.00,h=-2.98e-3,exit=0/0/4,band=3.0e-2 | s2:Δ=-1.80e-4,exit_err=4.41e-2,hit=0,it=0.0,c=0.00,h=2.38e0,exit=0/0/4,band=3.0e-2 | s3:Δ=5.34e-1,exit_err=5.45e-2,hit=4,it=20.0,c=1.00,h=2.33e0,exit=0/0/4,band=3.0e-2[0m
    [90m[GPU-TOKENS] t00 h=0.000e0 v=0.000e0 a=0.000e0 t01 h=0.000e0 v=0.000e0 a=0.000e0 t02 h=0.000e0 v=0.000e0 a=0.000e0 t03 h=0.000e0 v=0.000e0 a=0.000e0[0m
[ASSOC-BWD-STEP] s0: val_rms=3.705e-1 score_grad_max=0.000e0 wq_step_max=0.000e0 wk_step_max=0.000e0 alpha_grad_max=1.365e-4 key_grad_sum=0.000e0 gprev_sum=0.000e0 write_mass=3.000e0
[ASSOC-BWD-STEP] s1: val_rms=1.971e-1 score_grad_max=0.000e0 wq_step_max=0.000e0 wk_step_max=0.000e0 alpha_grad_max=7.606e-5 key_grad_sum=0.000e0 gprev_sum=0.000e0 write_mass=3.000e0
[ASSOC-BWD-STEP] s2: val_rms=1.512e-1 score_grad_max=0.000e0 wq_step_max=0.000e0 wk_step_max=0.000e0 alpha_grad_max=4.188e-5 key_grad_sum=0.000e0 gprev_sum=0.000e0 write_mass=3.000e0
[ASSOC-BWD-STEP] s3: val_rms=8.256e-1 score_grad_max=0.000e0 wq_step_max=0.000e0 wk_step_max=0.000e0 alpha_grad_max=7.844e-5 key_grad_sum=0.000e0 gprev_sum=0.000e0 write_mass=3.000e0
    [90m[GPU-DEBUG] Step 22: hit= 12/16 ( 75.0%) contr=1.000 solve=4.248e2 rs_cg=0.0e0 iters=15.0 cap=12 damp=0.85 mode=NORMAL conv=OK tps=79.3 max_h=2.398386 sig/pre/fh/h=1.000e-3/1.001e0/1.000e0/1.000e0 attn=1.036e-3 attn/sig=1.036e0 attn_scale=1.380e0 i0_err=4.248e2 i1_err=5.409e-1 i0_a/s=1.036e0 i1_a/s=1.036e0 i0_sc=1.380e0 i1_sc=1.380e0 imax_err=0@tok=0 imax_a=0@tok=0 nscale_max=1.000e0 pre/h=1.438e0 fh/h=7.185e2[0m
    [90m[FPM-STEP] status=OK err_h=4.248e2 exit_err_h=4.924e-2 exit_iter=20.00 err_M=1.000e0 z_max=0.183 z_avg=0.180 u2v_max=1.319e1 memctx_rms=1.739e-7 memctx/sig=3.936e-3 dead=16 sat=0 rescue=0/0 pre_rescue=0 eps=1.000e-4 a_m=0.010 tau=0.50[0m
    [90m[GPU-SLOTS] s0:Δ=5.41e-1,exit_err=4.41e-2,hit=4,it=20.0,c=1.00,h=2.39e0,exit=0/0/4,band=3.0e-2 | s1:Δ=5.34e-1,exit_err=5.44e-2,hit=4,it=20.0,c=-0.00,h=2.50e-7,exit=0/0/4,band=3.0e-2 | s2:Δ=2.84e-9,exit_err=4.40e-2,hit=0,it=0.0,c=0.00,h=2.40e0,exit=0/0/4,band=3.0e-2 | s3:Δ=5.34e-1,exit_err=5.44e-2,hit=4,it=20.0,c=1.00,h=2.32e0,exit=0/0/4,band=3.0e-2[0m
    [90m[GPU-TOKENS] t00 h=0.000e0 v=0.000e0 a=0.000e0 t01 h=0.000e0 v=0.000e0 a=0.000e0 t02 h=0.000e0 v=0.000e0 a=0.000e0 t03 h=0.000e0 v=0.000e0 a=0.000e0[0m
[ASSOC-BWD-STEP] s0: val_rms=2.047e-1 score_grad_max=8.517e2 wq_step_max=0.000e0 wk_step_max=0.000e0 alpha_grad_max=5.659e-7 key_grad_sum=NaN gprev_sum=NaN write_mass=4.000e0
[ASSOC-BWD-STEP] s1: val_rms=1.705e-1 score_grad_max=5.309e2 wq_step_max=0.000e0 wk_step_max=0.000e0 alpha_grad_max=5.063e-7 key_grad_sum=NaN gprev_sum=NaN write_mass=4.000e0
[ASSOC-BWD-STEP] s2: val_rms=1.709e-1 score_grad_max=8.683e-1 wq_step_max=0.000e0 wk_step_max=0.000e0 alpha_grad_max=4.373e-7 key_grad_sum=NaN gprev_sum=NaN write_mass=4.000e0
[ASSOC-BWD-STEP] s3: val_rms=5.064e-1 score_grad_max=9.565e2 wq_step_max=0.000e0 wk_step_max=0.000e0 alpha_grad_max=9.084e-7 key_grad_sum=NaN gprev_sum=NaN write_mass=4.000e0
    [90m[GPU-DEBUG] Step 23: hit=204/272 ( 75.0%) contr=1.000 solve=4.248e2 rs_cg=0.0e0 iters=15.0 cap=12 damp=0.85 mode=NORMAL conv=OK tps=208.8 max_h=2.144149 sig/pre/fh/h=1.000e-3/1.001e0/1.000e0/1.000e0 attn=1.036e-3 attn/sig=1.036e0 attn_scale=1.380e0 i0_err=4.248e2 i1_err=5.409e-1 i0_a/s=1.036e0 i1_a/s=1.036e0 i0_sc=1.380e0 i1_sc=1.380e0 imax_err=0@tok=0 imax_a=0@tok=0 nscale_max=1.000e0 pre/h=1.438e0 fh/h=7.185e2[0m
    [90m[FPM-STEP] status=OK err_h=4.248e2 exit_err_h=5.001e-2 exit_iter=20.00 err_M=1.000e0 z_max=0.183 z_avg=0.180 u2v_max=1.319e1 memctx_rms=1.740e-7 memctx/sig=3.938e-3 dead=272 sat=0 rescue=0/0 pre_rescue=0 eps=1.000e-4 a_m=0.010 tau=0.50[0m
    [90m[GPU-SLOTS] s0:Δ=5.41e-1,exit_err=4.77e-2,hit=68,it=20.0,c=1.00,h=2.08e0,exit=0/0/68,band=3.0e-2 | s1:Δ=5.34e-1,exit_err=5.24e-2,hit=68,it=20.0,c=0.00,h=-7.60e-2,exit=0/0/68,band=3.0e-2 | s2:Δ=4.86e-3,exit_err=4.77e-2,hit=0,it=0.0,c=0.00,h=2.08e0,exit=0/0/68,band=3.0e-2 | s3:Δ=5.34e-1,exit_err=5.23e-2,hit=68,it=20.0,c=1.00,h=2.14e0,exit=0/0/68,band=3.0e-2[0m
[ASSOC-BWD-STEP] s0: val_rms=0.000e0 score_grad_max=0.000e0 wq_step_max=0.000e0 wk_step_max=0.000e0 alpha_grad_max=0.000e0 key_grad_sum=NaN gprev_sum=NaN write_mass=4.000e0
[ASSOC-BWD-STEP] s1: val_rms=0.000e0 score_grad_max=0.000e0 wq_step_max=0.000e0 wk_step_max=0.000e0 alpha_grad_max=0.000e0 key_grad_sum=NaN gprev_sum=NaN write_mass=4.000e0
[ASSOC-BWD-STEP] s2: val_rms=0.000e0 score_grad_max=0.000e0 wq_step_max=0.000e0 wk_step_max=0.000e0 alpha_grad_max=0.000e0 key_grad_sum=NaN gprev_sum=NaN write_mass=4.000e0
[ASSOC-BWD-STEP] s3: val_rms=0.000e0 score_grad_max=0.000e0 wq_step_max=0.000e0 wk_step_max=0.000e0 alpha_grad_max=0.000e0 key_grad_sum=NaN gprev_sum=NaN write_mass=4.000e0
    [90m[GPU-DEBUG] Step 24: hit=383/512 ( 75.0%) contr=1.000 solve=4.248e2 rs_cg=0.0e0 iters=15.0 cap=12 damp=0.85 mode=NORMAL conv=OK tps=162.2 max_h=2.067106 sig/pre/fh/h=1.000e-3/1.001e0/1.000e0/1.000e0 attn=1.036e-3 attn/sig=1.036e0 attn_scale=1.380e0 i0_err=4.248e2 i1_err=5.409e-1 i0_a/s=1.036e0 i1_a/s=1.036e0 i0_sc=1.380e0 i1_sc=1.380e0 imax_err=0@tok=0 imax_a=0@tok=0 nscale_max=1.000e0 pre/h=1.438e0 fh/h=7.185e2[0m
    [90m[FPM-STEP] status=OK err_h=4.248e2 exit_err_h=5.027e-2 exit_iter=19.98 err_M=1.000e0 z_max=0.183 z_avg=0.180 u2v_max=1.319e1 memctx_rms=1.739e-7 memctx/sig=3.936e-3 dead=512 sat=0 rescue=0/0 pre_rescue=1 eps=1.000e-4 a_m=0.010 tau=0.50[0m
    [90m[GPU-SLOTS] s0:Δ=5.41e-1,exit_err=4.92e-2,hit=127,it=19.9,c=1.00,h=2.03e0,exit=1/0/127,band=3.0e-2 | s1:Δ=5.34e-1,exit_err=5.12e-2,hit=128,it=20.0,c=-0.00,h=1.95e-1,exit=0/0/128,band=3.0e-2 | s2:Δ=8.40e-3,exit_err=4.95e-2,hit=0,it=0.0,c=0.00,h=2.04e0,exit=0/0/128,band=3.0e-2 | s3:Δ=5.34e-1,exit_err=5.12e-2,hit=128,it=20.0,c=1.00,h=2.07e0,exit=0/0/128,band=3.0e-2[0m
[ASSOC-BWD-STEP] s0: val_rms=4.293e-1 score_grad_max=8.728e3 wq_step_max=0.000e0 wk_step_max=0.000e0 alpha_grad_max=3.466e-5 key_grad_sum=NaN gprev_sum=NaN write_mass=1.000e0
[ASSOC-BWD-STEP] s1: val_rms=2.305e-1 score_grad_max=2.550e3 wq_step_max=0.000e0 wk_step_max=0.000e0 alpha_grad_max=7.875e-5 key_grad_sum=1.361e5 gprev_sum=6.804e4 write_mass=1.000e0
[ASSOC-BWD-STEP] s2: val_rms=1.866e-1 score_grad_max=3.851e3 wq_step_max=0.000e0 wk_step_max=0.000e0 alpha_grad_max=3.465e-5 key_grad_sum=NaN gprev_sum=NaN write_mass=1.000e0
[ASSOC-BWD-STEP] s3: val_rms=9.688e-1 score_grad_max=6.440e3 wq_step_max=0.000e0 wk_step_max=0.000e0 alpha_grad_max=3.814e-5 key_grad_sum=NaN gprev_sum=NaN write_mass=1.000e0
    [90m[GPU-DEBUG] Step 25: hit= 12/16 ( 74.8%) contr=1.000 solve=4.248e2 rs_cg=0.0e0 iters=15.0 cap=12 damp=0.85 mode=NORMAL conv=OK tps=78.3 max_h=2.388023 sig/pre/fh/h=1.000e-3/1.001e0/1.000e0/1.000e0 attn=1.036e-3 attn/sig=1.036e0 attn_scale=1.380e0 i0_err=4.248e2 i1_err=5.409e-1 i0_a/s=1.036e0 i1_a/s=1.036e0 i0_sc=1.380e0 i1_sc=1.380e0 imax_err=0@tok=0 imax_a=0@tok=0 nscale_max=1.000e0 pre/h=1.438e0 fh/h=7.185e2[0m
    [90m[FPM-STEP] status=OK err_h=4.248e2 exit_err_h=4.926e-2 exit_iter=20.00 err_M=1.000e0 z_max=0.183 z_avg=0.180 u2v_max=1.319e1 memctx_rms=1.746e-7 memctx/sig=3.950e-3 dead=16 sat=0 rescue=0/0 pre_rescue=0 eps=1.000e-4 a_m=0.010 tau=0.50[0m
    [90m[GPU-SLOTS] s0:Δ=5.41e-1,exit_err=4.42e-2,hit=4,it=20.0,c=1.00,h=2.39e0,exit=0/0/4,band=3.0e-2 | s1:Δ=5.34e-1,exit_err=5.44e-2,hit=4,it=20.0,c=0.00,h=-9.24e-5,exit=0/0/4,band=3.0e-2 | s2:Δ=-9.67e-5,exit_err=4.40e-2,hit=0,it=-0.0,c=0.00,h=2.38e0,exit=0/0/4,band=3.0e-2 | s3:Δ=5.34e-1,exit_err=5.44e-2,hit=4,it=20.0,c=1.00,h=2.33e0,exit=0/0/4,band=3.0e-2[0m
    [90m[GPU-TOKENS] t00 h=0.000e0 v=0.000e0 a=0.000e0 t01 h=0.000e0 v=0.000e0 a=0.000e0 t02 h=0.000e0 v=0.000e0 a=0.000e0 t03 h=0.000e0 v=0.000e0 a=0.000e0[0m
[ASSOC-BWD-STEP] s0: val_rms=0.000e0 score_grad_max=0.000e0 wq_step_max=0.000e0 wk_step_max=0.000e0 alpha_grad_max=0.000e0 key_grad_sum=NaN gprev_sum=NaN write_mass=4.000e0
[ASSOC-BWD-STEP] s1: val_rms=0.000e0 score_grad_max=0.000e0 wq_step_max=0.000e0 wk_step_max=0.000e0 alpha_grad_max=0.000e0 key_grad_sum=NaN gprev_sum=NaN write_mass=4.000e0
[ASSOC-BWD-STEP] s2: val_rms=0.000e0 score_grad_max=0.000e0 wq_step_max=0.000e0 wk_step_max=0.000e0 alpha_grad_max=0.000e0 key_grad_sum=NaN gprev_sum=NaN write_mass=4.000e0
[ASSOC-BWD-STEP] s3: val_rms=0.000e0 score_grad_max=0.000e0 wq_step_max=0.000e0 wk_step_max=0.000e0 alpha_grad_max=0.000e0 key_grad_sum=NaN gprev_sum=NaN write_mass=4.000e0
    [90m[GPU-DEBUG] Step 26: hit=384/512 ( 75.0%) contr=1.000 solve=4.248e2 rs_cg=0.0e0 iters=15.0 cap=12 damp=0.85 mode=NORMAL conv=OK tps=216.8 max_h=2.068393 sig/pre/fh/h=1.000e-3/1.001e0/1.000e0/1.000e0 attn=1.036e-3 attn/sig=1.036e0 attn_scale=1.380e0 i0_err=4.248e2 i1_err=5.409e-1 i0_a/s=1.036e0 i1_a/s=1.036e0 i0_sc=1.380e0 i1_sc=1.380e0 imax_err=0@tok=0 imax_a=0@tok=0 nscale_max=1.000e0 pre/h=1.438e0 fh/h=7.185e2[0m
    [90m[FPM-STEP] status=OK err_h=4.248e2 exit_err_h=5.035e-2 exit_iter=20.00 err_M=1.000e0 z_max=0.183 z_avg=0.180 u2v_max=1.319e1 memctx_rms=1.736e-7 memctx/sig=3.929e-3 dead=512 sat=0 rescue=0/0 pre_rescue=0 eps=1.000e-4 a_m=0.010 tau=0.50[0m
    [90m[GPU-SLOTS] s0:Δ=5.41e-1,exit_err=4.95e-2,hit=128,it=20.0,c=1.00,h=2.03e0,exit=0/0/128,band=3.0e-2 | s1:Δ=5.34e-1,exit_err=5.12e-2,hit=128,it=20.0,c=0.01,h=-1.59e-1,exit=0/0/128,band=3.0e-2 | s2:Δ=1.35e-3,exit_err=4.95e-2,hit=0,it=0.0,c=0.00,h=2.03e0,exit=0/0/128,band=3.0e-2 | s3:Δ=5.34e-1,exit_err=5.12e-2,hit=128,it=20.0,c=1.00,h=2.07e0,exit=0/0/128,band=3.0e-2[0m
[ASSOC-BWD-STEP] s0: val_rms=0.000e0 score_grad_max=0.000e0 wq_step_max=0.000e0 wk_step_max=0.000e0 alpha_grad_max=0.000e0 key_grad_sum=NaN gprev_sum=NaN write_mass=1.000e0
[ASSOC-BWD-STEP] s1: val_rms=0.000e0 score_grad_max=0.000e0 wq_step_max=0.000e0 wk_step_max=0.000e0 alpha_grad_max=0.000e0 key_grad_sum=NaN gprev_sum=NaN write_mass=1.000e0
[ASSOC-BWD-STEP] s2: val_rms=0.000e0 score_grad_max=0.000e0 wq_step_max=0.000e0 wk_step_max=0.000e0 alpha_grad_max=0.000e0 key_grad_sum=NaN gprev_sum=NaN write_mass=1.000e0
[ASSOC-BWD-STEP] s3: val_rms=0.000e0 score_grad_max=0.000e0 wq_step_max=0.000e0 wk_step_max=0.000e0 alpha_grad_max=0.000e0 key_grad_sum=NaN gprev_sum=NaN write_mass=1.000e0
    [90m[GPU-DEBUG] Step 27: hit=384/512 ( 75.0%) contr=1.000 solve=4.248e2 rs_cg=0.0e0 iters=15.0 cap=12 damp=0.85 mode=NORMAL conv=OK tps=222.5 max_h=2.068231 sig/pre/fh/h=1.000e-3/1.001e0/1.000e0/1.000e0 attn=1.036e-3 attn/sig=1.036e0 attn_scale=1.380e0 i0_err=4.248e2 i1_err=5.409e-1 i0_a/s=1.036e0 i1_a/s=1.036e0 i0_sc=1.380e0 i1_sc=1.380e0 imax_err=0@tok=0 imax_a=0@tok=0 nscale_max=1.000e0 pre/h=1.438e0 fh/h=7.185e2[0m
    [90m[FPM-STEP] status=OK err_h=4.248e2 exit_err_h=5.037e-2 exit_iter=20.00 err_M=1.000e0 z_max=0.183 z_avg=0.180 u2v_max=1.319e1 memctx_rms=1.735e-7 memctx/sig=3.925e-3 dead=512 sat=0 rescue=0/0 pre_rescue=0 eps=1.000e-4 a_m=0.010 tau=0.50[0m
    [90m[GPU-SLOTS] s0:Δ=5.41e-1,exit_err=4.96e-2,hit=128,it=20.0,c=1.00,h=2.03e0,exit=0/0/128,band=3.0e-2 | s1:Δ=5.34e-1,exit_err=5.12e-2,hit=128,it=20.0,c=0.00,h=8.08e-3,exit=0/0/128,band=3.0e-2 | s2:Δ=7.95e-3,exit_err=4.95e-2,hit=0,it=0.0,c=0.00,h=2.04e0,exit=0/0/128,band=3.0e-2 | s3:Δ=5.34e-1,exit_err=5.12e-2,hit=128,it=20.0,c=1.00,h=2.07e0,exit=0/0/128,band=3.0e-2[0m
[ASSOC-BWD-STEP] s0: val_rms=3.903e-1 score_grad_max=6.161e2 wq_step_max=0.000e0 wk_step_max=0.000e0 alpha_grad_max=8.346e-6 key_grad_sum=NaN gprev_sum=NaN write_mass=1.000e0
[ASSOC-BWD-STEP] s1: val_rms=2.047e-1 score_grad_max=3.984e2 wq_step_max=0.000e0 wk_step_max=0.000e0 alpha_grad_max=1.855e-5 key_grad_sum=2.464e4 gprev_sum=1.232e4 write_mass=1.000e0
[ASSOC-BWD-STEP] s2: val_rms=1.619e-1 score_grad_max=2.648e2 wq_step_max=0.000e0 wk_step_max=0.000e0 alpha_grad_max=8.607e-6 key_grad_sum=NaN gprev_sum=NaN write_mass=1.000e0
[ASSOC-BWD-STEP] s3: val_rms=8.690e-1 score_grad_max=6.364e2 wq_step_max=0.000e0 wk_step_max=0.000e0 alpha_grad_max=1.889e-5 key_grad_sum=NaN gprev_sum=NaN write_mass=1.000e0
    [90m[GPU-DEBUG] Step 28: hit= 12/16 ( 75.0%) contr=1.000 solve=4.248e2 rs_cg=0.0e0 iters=15.0 cap=12 damp=0.85 mode=NORMAL conv=OK tps=15.3 max_h=2.388113 sig/pre/fh/h=1.000e-3/1.001e0/1.000e0/1.000e0 attn=1.036e-3 attn/sig=1.036e0 attn_scale=1.380e0 i0_err=4.248e2 i1_err=5.409e-1 i0_a/s=1.036e0 i1_a/s=1.036e0 i0_sc=1.380e0 i1_sc=1.380e0 imax_err=0@tok=0 imax_a=0@tok=0 nscale_max=1.000e0 pre/h=1.438e0 fh/h=7.185e2[0m
    [90m[FPM-STEP] status=OK err_h=4.248e2 exit_err_h=4.927e-2 exit_iter=20.00 err_M=1.000e0 z_max=0.183 z_avg=0.180 u2v_max=1.319e1 memctx_rms=1.738e-7 memctx/sig=3.933e-3 dead=16 sat=0 rescue=0/0 pre_rescue=0 eps=1.000e-4 a_m=0.010 tau=0.50[0m
    [90m[GPU-SLOTS] s0:Δ=5.41e-1,exit_err=4.42e-2,hit=4,it=20.0,c=1.00,h=2.39e0,exit=0/0/4,band=3.0e-2 | s1:Δ=5.34e-1,exit_err=5.44e-2,hit=4,it=20.0,c=0.00,h=-7.03e-4,exit=0/0/4,band=3.0e-2 | s2:Δ=-1.00e-4,exit_err=4.42e-2,hit=0,it=-0.0,c=0.00,h=2.39e0,exit=0/0/4,band=3.0e-2 | s3:Δ=5.34e-1,exit_err=5.43e-2,hit=4,it=20.0,c=1.00,h=2.34e0,exit=0/0/4,band=3.0e-2[0m
    [90m[GPU-TOKENS] t00 h=0.000e0 v=0.000e0 a=0.000e0 t01 h=0.000e0 v=0.000e0 a=0.000e0 t02 h=0.000e0 v=0.000e0 a=0.000e0 t03 h=0.000e0 v=0.000e0 a=0.000e0[0m
[ASSOC-BWD-STEP] s0: val_rms=4.630e-1 score_grad_max=0.000e0 wq_step_max=0.000e0 wk_step_max=0.000e0 alpha_grad_max=1.699e-4 key_grad_sum=0.000e0 gprev_sum=0.000e0 write_mass=3.000e0
[ASSOC-BWD-STEP] s1: val_rms=2.507e-1 score_grad_max=0.000e0 wq_step_max=0.000e0 wk_step_max=0.000e0 alpha_grad_max=7.629e-5 key_grad_sum=0.000e0 gprev_sum=0.000e0 write_mass=3.000e0
[ASSOC-BWD-STEP] s2: val_rms=1.970e-1 score_grad_max=0.000e0 wq_step_max=0.000e0 wk_step_max=0.000e0 alpha_grad_max=3.909e-5 key_grad_sum=0.000e0 gprev_sum=0.000e0 write_mass=3.000e0
[ASSOC-BWD-STEP] s3: val_rms=1.051e0 score_grad_max=7.204e-15 wq_step_max=0.000e0 wk_step_max=0.000e0 alpha_grad_max=1.139e-4 key_grad_sum=0.000e0 gprev_sum=0.000e0 write_mass=3.000e0
    [90m[GPU-DEBUG] Step 29: hit= 12/16 ( 75.0%) contr=1.000 solve=4.248e2 rs_cg=0.0e0 iters=15.0 cap=12 damp=0.85 mode=NORMAL conv=OK tps=80.5 max_h=2.387979 sig/pre/fh/h=1.000e-3/1.001e0/1.000e0/1.000e0 attn=1.036e-3 attn/sig=1.036e0 attn_scale=1.380e0 i0_err=4.248e2 i1_err=5.409e-1 i0_a/s=1.036e0 i1_a/s=1.036e0 i0_sc=1.380e0 i1_sc=1.380e0 imax_err=0@tok=0 imax_a=0@tok=0 nscale_max=1.000e0 pre/h=1.438e0 fh/h=7.185e2[0m
    [90m[FPM-STEP] status=OK err_h=4.248e2 exit_err_h=4.926e-2 exit_iter=20.00 err_M=1.000e0 z_max=0.183 z_avg=0.180 u2v_max=1.319e1 memctx_rms=1.741e-7 memctx/sig=3.940e-3 dead=16 sat=0 rescue=0/0 pre_rescue=0 eps=1.000e-4 a_m=0.010 tau=0.50[0m
    [90m[GPU-SLOTS] s0:Δ=5.41e-1,exit_err=4.41e-2,hit=4,it=20.0,c=1.00,h=2.38e0,exit=0/0/4,band=3.0e-2 | s1:Δ=5.34e-1,exit_err=5.43e-2,hit=4,it=20.0,c=0.00,h=-5.46e-8,exit=0/0/4,band=3.0e-2 | s2:Δ=-4.17e-7,exit_err=4.42e-2,hit=0,it=0.0,c=0.00,h=2.39e0,exit=0/0/4,band=3.0e-2 | s3:Δ=5.34e-1,exit_err=5.45e-2,hit=4,it=20.0,c=1.00,h=2.33e0,exit=0/0/4,band=3.0e-2[0m
    [90m[GPU-TOKENS] t00 h=0.000e0 v=0.000e0 a=0.000e0 t01 h=0.000e0 v=0.000e0 a=0.000e0 t02 h=0.000e0 v=0.000e0 a=0.000e0 t03 h=0.000e0 v=0.000e0 a=0.000e0[0m
[ASSOC-BWD-STEP] s0: val_rms=2.650e-1 score_grad_max=1.821e0 wq_step_max=0.000e0 wk_step_max=0.000e0 alpha_grad_max=4.161e-6 key_grad_sum=NaN gprev_sum=NaN write_mass=4.000e0
[ASSOC-BWD-STEP] s1: val_rms=2.154e-1 score_grad_max=1.797e0 wq_step_max=0.000e0 wk_step_max=0.000e0 alpha_grad_max=3.429e-6 key_grad_sum=NaN gprev_sum=NaN write_mass=4.000e0
[ASSOC-BWD-STEP] s2: val_rms=2.171e-1 score_grad_max=1.244e0 wq_step_max=0.000e0 wk_step_max=0.000e0 alpha_grad_max=3.429e-6 key_grad_sum=NaN gprev_sum=NaN write_mass=4.000e0
[ASSOC-BWD-STEP] s3: val_rms=6.485e-1 score_grad_max=1.532e3 wq_step_max=0.000e0 wk_step_max=0.000e0 alpha_grad_max=7.783e-6 key_grad_sum=NaN gprev_sum=NaN write_mass=4.000e0
    [90m[GPU-DEBUG] Step 30: hit=204/272 ( 75.0%) contr=1.000 solve=4.248e2 rs_cg=0.0e0 iters=15.0 cap=12 damp=0.85 mode=NORMAL conv=OK tps=211.2 max_h=2.141989 sig/pre/fh/h=1.000e-3/1.001e0/1.000e0/1.000e0 attn=1.036e-3 attn/sig=1.036e0 attn_scale=1.380e0 i0_err=4.248e2 i1_err=5.409e-1 i0_a/s=1.036e0 i1_a/s=1.036e0 i0_sc=1.380e0 i1_sc=1.380e0 imax_err=0@tok=0 imax_a=0@tok=0 nscale_max=1.000e0 pre/h=1.438e0 fh/h=7.185e2[0m
    [90m[FPM-STEP] status=OK err_h=4.248e2 exit_err_h=4.996e-2 exit_iter=20.00 err_M=1.000e0 z_max=0.183 z_avg=0.180 u2v_max=1.319e1 memctx_rms=1.742e-7 memctx/sig=3.942e-3 dead=272 sat=0 rescue=0/0 pre_rescue=0 eps=1.000e-4 a_m=0.010 tau=0.50[0m
    [90m[GPU-SLOTS] s0:Δ=5.41e-1,exit_err=4.77e-2,hit=68,it=20.0,c=1.00,h=2.08e0,exit=0/0/68,band=3.0e-2 | s1:Δ=5.34e-1,exit_err=5.23e-2,hit=68,it=20.0,c=0.00,h=3.63e-2,exit=0/0/68,band=3.0e-2 | s2:Δ=8.50e-4,exit_err=4.76e-2,hit=0,it=0.0,c=0.00,h=2.09e0,exit=0/0/68,band=3.0e-2 | s3:Δ=5.34e-1,exit_err=5.23e-2,hit=68,it=20.0,c=1.00,h=2.14e0,exit=0/0/68,band=3.0e-2[0m
